# JRE version: OpenJDK Runtime Environment (8.0_242-b01) (build 1.8.0_242-release-1644-b01)
# Java VM: OpenJDK 64-Bit Server VM (25.242-b01 mixed mode windows-amd64 compressed oops)
Heap:
 PSYoungGen      total 653312K, used 121204K [0x00000000d5580000, 0x0000000100000000, 0x0000000100000000)
  eden space 607744K, 15% used [0x00000000d5580000,0x00000000db39a8d8,0x00000000fa700000)
  from space 45568K, 54% used [0x00000000fd380000,0x00000000febc29c0,0x0000000100000000)
  to   space 45568K, 0% used [0x00000000fa700000,0x00000000fa700000,0x00000000fd380000)
 ParOldGen       total 332800K, used 111549K [0x0000000080000000, 0x0000000094500000, 0x00000000d5580000)
  object space 332800K, 33% used [0x0000000080000000,0x0000000086cef568,0x0000000094500000)
 Metaspace       used 114304K, capacity 122149K, committed 122444K, reserved 1155072K
  class space    used 14820K, capacity 16197K, committed 16244K, reserved 1048576K
GC Heap History (10 events):
Event: 3029.460 GC heap before
{Heap before GC invocations=28 (full 4):
 PSYoungGen      total 474624K, used 442304K [0x00000000d5580000, 0x00000000fa280000, 0x0000000100000000)
  eden space 436736K, 100% used [0x00000000d5580000,0x00000000f0000000,0x00000000f0000000)
  from space 37888K, 14% used [0x00000000f0000000,0x00000000f0570000,0x00000000f2500000)
  to   space 36864K, 0% used [0x00000000f7e80000,0x00000000f7e80000,0x00000000fa280000)
 ParOldGen       total 332800K, used 100564K [0x0000000080000000, 0x0000000094500000, 0x00000000d5580000)
  object space 332800K, 30% used [0x0000000080000000,0x0000000086235338,0x0000000094500000)
 Metaspace       used 90730K, capacity 95345K, committed 100172K, reserved 1136640K
  class space    used 11765K, capacity 12603K, committed 13684K, reserved 1048576K
Event: 3029.473 GC heap after
Heap after GC invocations=28 (full 4):
 PSYoungGen      total 560128K, used 8653K [0x00000000d5580000, 0x00000000f9e00000, 0x0000000100000000)
  eden space 527872K, 0% used [0x00000000d5580000,0x00000000d5580000,0x00000000f5900000)
  from space 32256K, 26% used [0x00000000f7e80000,0x00000000f86f3518,0x00000000f9e00000)
  to   space 35328K, 0% used [0x00000000f5900000,0x00000000f5900000,0x00000000f7b80000)
 ParOldGen       total 332800K, used 104912K [0x0000000080000000, 0x0000000094500000, 0x00000000d5580000)
  object space 332800K, 31% used [0x0000000080000000,0x0000000086674368,0x0000000094500000)
 Metaspace       used 90730K, capacity 95345K, committed 100172K, reserved 1136640K
  class space    used 11765K, capacity 12603K, committed 13684K, reserved 1048576K
}
Event: 3031.140 GC heap before
{Heap before GC invocations=29 (full 4):
 PSYoungGen      total 560128K, used 536525K [0x00000000d5580000, 0x00000000f9e00000, 0x0000000100000000)
  eden space 527872K, 100% used [0x00000000d5580000,0x00000000f5900000,0x00000000f5900000)
  from space 32256K, 26% used [0x00000000f7e80000,0x00000000f86f3518,0x00000000f9e00000)
  to   space 35328K, 0% used [0x00000000f5900000,0x00000000f5900000,0x00000000f7b80000)
 ParOldGen       total 332800K, used 104912K [0x0000000080000000, 0x0000000094500000, 0x00000000d5580000)
  object space 332800K, 31% used [0x0000000080000000,0x0000000086674368,0x0000000094500000)
 Metaspace       used 91813K, capacity 96703K, committed 100940K, reserved 1136640K
  class space    used 11892K, capacity 12744K, committed 13684K, reserved 1048576K
Event: 3031.169 GC heap after
Heap after GC invocations=29 (full 4):
 PSYoungGen      total 563200K, used 35303K [0x00000000d5580000, 0x00000000ffc00000, 0x0000000100000000)
  eden space 527872K, 0% used [0x00000000d5580000,0x00000000d5580000,0x00000000f5900000)
  from space 35328K, 99% used [0x00000000f5900000,0x00000000f7b79fa8,0x00000000f7b80000)
  to   space 43520K, 0% used [0x00000000fd180000,0x00000000fd180000,0x00000000ffc00000)
 ParOldGen       total 332800K, used 109951K [0x0000000080000000, 0x0000000094500000, 0x00000000d5580000)
  object space 332800K, 33% used [0x0000000080000000,0x0000000086b5fdf0,0x0000000094500000)
 Metaspace       used 91813K, capacity 96703K, committed 100940K, reserved 1136640K
  class space    used 11892K, capacity 12744K, committed 13684K, reserved 1048576K
}
Event: 3062.777 GC heap before
{Heap before GC invocations=30 (full 4):
 PSYoungGen      total 563200K, used 563175K [0x00000000d5580000, 0x00000000ffc00000, 0x0000000100000000)
  eden space 527872K, 100% used [0x00000000d5580000,0x00000000f5900000,0x00000000f5900000)
  from space 35328K, 99% used [0x00000000f5900000,0x00000000f7b79fa8,0x00000000f7b80000)
  to   space 43520K, 0% used [0x00000000fd180000,0x00000000fd180000,0x00000000ffc00000)
 ParOldGen       total 332800K, used 109951K [0x0000000080000000, 0x0000000094500000, 0x00000000d5580000)
  object space 332800K, 33% used [0x0000000080000000,0x0000000086b5fdf0,0x0000000094500000)
 Metaspace       used 101756K, capacity 107625K, committed 110156K, reserved 1144832K
  class space    used 13091K, capacity 14090K, committed 14708K, reserved 1048576K
Event: 3062.798 GC heap after
Heap after GC invocations=30 (full 4):
 PSYoungGen      total 628736K, used 21163K [0x00000000d5580000, 0x00000000ff080000, 0x0000000100000000)
  eden space 596992K, 0% used [0x00000000d5580000,0x00000000d5580000,0x00000000f9c80000)
  from space 31744K, 66% used [0x00000000fd180000,0x00000000fe62ad10,0x00000000ff080000)
  to   space 43008K, 0% used [0x00000000f9c80000,0x00000000f9c80000,0x00000000fc680000)
 ParOldGen       total 332800K, used 111533K [0x0000000080000000, 0x0000000094500000, 0x00000000d5580000)
  object space 332800K, 33% used [0x0000000080000000,0x0000000086ceb568,0x0000000094500000)
 Metaspace       used 101756K, capacity 107625K, committed 110156K, reserved 1144832K
  class space    used 13091K, capacity 14090K, committed 14708K, reserved 1048576K
}
Event: 8416.280 GC heap before
{Heap before GC invocations=31 (full 4):
 PSYoungGen      total 628736K, used 618155K [0x00000000d5580000, 0x00000000ff080000, 0x0000000100000000)
  eden space 596992K, 100% used [0x00000000d5580000,0x00000000f9c80000,0x00000000f9c80000)
  from space 31744K, 66% used [0x00000000fd180000,0x00000000fe62ad10,0x00000000ff080000)
  to   space 43008K, 0% used [0x00000000f9c80000,0x00000000f9c80000,0x00000000fc680000)
 ParOldGen       total 332800K, used 111533K [0x0000000080000000, 0x0000000094500000, 0x00000000d5580000)
  object space 332800K, 33% used [0x0000000080000000,0x0000000086ceb568,0x0000000094500000)
 Metaspace       used 113111K, capacity 120523K, committed 120908K, reserved 1155072K
  class space    used 14728K, capacity 16058K, committed 16244K, reserved 1048576K
Event: 8416.310 GC heap after
Heap after GC invocations=31 (full 4):
 PSYoungGen      total 640000K, used 30521K [0x00000000d5580000, 0x0000000100000000, 0x0000000100000000)
  eden space 596992K, 0% used [0x00000000d5580000,0x00000000d5580000,0x00000000f9c80000)
  from space 43008K, 70% used [0x00000000f9c80000,0x00000000fba4e540,0x00000000fc680000)
  to   space 45568K, 0% used [0x00000000fd380000,0x00000000fd380000,0x0000000100000000)
 ParOldGen       total 332800K, used 111541K [0x0000000080000000, 0x0000000094500000, 0x00000000d5580000)
  object space 332800K, 33% used [0x0000000080000000,0x0000000086ced568,0x0000000094500000)
 Metaspace       used 113111K, capacity 120523K, committed 120908K, reserved 1155072K
  class space    used 14728K, capacity 16058K, committed 16244K, reserved 1048576K
}
Event: 8482.179 GC heap before
{Heap before GC invocations=32 (full 4):
 PSYoungGen      total 640000K, used 627513K [0x00000000d5580000, 0x0000000100000000, 0x0000000100000000)
  eden space 596992K, 100% used [0x00000000d5580000,0x00000000f9c80000,0x00000000f9c80000)
  from space 43008K, 70% used [0x00000000f9c80000,0x00000000fba4e540,0x00000000fc680000)
  to   space 45568K, 0% used [0x00000000fd380000,0x00000000fd380000,0x0000000100000000)
 ParOldGen       total 332800K, used 111541K [0x0000000080000000, 0x0000000094500000, 0x00000000d5580000)
  object space 332800K, 33% used [0x0000000080000000,0x0000000086ced568,0x0000000094500000)
 Metaspace       used 114005K, capacity 121455K, committed 121932K, reserved 1155072K
  class space    used 14755K, capacity 16092K, committed 16244K, reserved 1048576K
Event: 8482.206 GC heap after
Heap after GC invocations=32 (full 4):
 PSYoungGen      total 653312K, used 24842K [0x00000000d5580000, 0x0000000100000000, 0x0000000100000000)
  eden space 607744K, 0% used [0x00000000d5580000,0x00000000d5580000,0x00000000fa700000)
  from space 45568K, 54% used [0x00000000fd380000,0x00000000febc29c0,0x0000000100000000)
  to   space 45568K, 0% used [0x00000000fa700000,0x00000000fa700000,0x00000000fd380000)
 ParOldGen       total 332800K, used 111549K [0x0000000080000000, 0x0000000094500000, 0x00000000d5580000)
  object space 332800K, 33% used [0x0000000080000000,0x0000000086cef568,0x0000000094500000)
 Metaspace       used 114005K, capacity 121455K, committed 121932K, reserved 1155072K
  class space    used 14755K, capacity 16092K, committed 16244K, reserved 1048576K
}

