# JRE version: OpenJDK Runtime Environment (8.0_242-b01) (build 1.8.0_242-release-1644-b01)
# Java VM: OpenJDK 64-Bit Server VM (25.242-b01 mixed mode windows-amd64 compressed oops)
Heap:
 PSYoungGen      total 323584K, used 104427K [0x00000000d5580000, 0x00000000eea80000, 0x0000000100000000)
  eden space 296960K, 26% used [0x00000000d5580000,0x00000000da1815d0,0x00000000e7780000)
  from space 26624K, 99% used [0x00000000ed080000,0x00000000eea79830,0x00000000eea80000)
  to   space 36352K, 0% used [0x00000000ea380000,0x00000000ea380000,0x00000000ec700000)
 ParOldGen       total 214016K, used 54507K [0x0000000080000000, 0x000000008d100000, 0x00000000d5580000)
  object space 214016K, 25% used [0x0000000080000000,0x000000008353afc8,0x000000008d100000)
 Metaspace       used 86217K, capacity 91338K, committed 91608K, reserved 1130496K
  class space    used 11501K, capacity 12496K, committed 12544K, reserved 1048576K
GC Heap History (10 events):
Event: 8.013 GC heap before
{Heap before GC invocations=9 (full 2):
 PSYoungGen      total 216576K, used 205312K [0x00000000d5580000, 0x00000000e3900000, 0x0000000100000000)
  eden space 205312K, 100% used [0x00000000d5580000,0x00000000e1e00000,0x00000000e1e00000)
  from space 11264K, 0% used [0x00000000e2e00000,0x00000000e2e00000,0x00000000e3900000)
  to   space 13824K, 0% used [0x00000000e1e00000,0x00000000e1e00000,0x00000000e2b80000)
 ParOldGen       total 140288K, used 14824K [0x0000000080000000, 0x0000000088900000, 0x00000000d5580000)
  object space 140288K, 10% used [0x0000000080000000,0x0000000080e7a2e0,0x0000000088900000)
 Metaspace       used 46275K, capacity 48572K, committed 48984K, reserved 1091584K
  class space    used 6268K, capacity 6678K, committed 6784K, reserved 1048576K
Event: 8.026 GC heap after
Heap after GC invocations=9 (full 2):
 PSYoungGen      total 219136K, used 13793K [0x00000000d5580000, 0x00000000ea880000, 0x0000000100000000)
  eden space 205312K, 0% used [0x00000000d5580000,0x00000000d5580000,0x00000000e1e00000)
  from space 13824K, 99% used [0x00000000e1e00000,0x00000000e2b786c8,0x00000000e2b80000)
  to   space 17920K, 0% used [0x00000000e9700000,0x00000000e9700000,0x00000000ea880000)
 ParOldGen       total 140288K, used 18966K [0x0000000080000000, 0x0000000088900000, 0x00000000d5580000)
  object space 140288K, 13% used [0x0000000080000000,0x0000000081285900,0x0000000088900000)
 Metaspace       used 46275K, capacity 48572K, committed 48984K, reserved 1091584K
  class space    used 6268K, capacity 6678K, committed 6784K, reserved 1048576K
}
Event: 9.141 GC heap before
{Heap before GC invocations=10 (full 2):
 PSYoungGen      total 219136K, used 133733K [0x00000000d5580000, 0x00000000ea880000, 0x0000000100000000)
  eden space 205312K, 58% used [0x00000000d5580000,0x00000000dcaa0f78,0x00000000e1e00000)
  from space 13824K, 99% used [0x00000000e1e00000,0x00000000e2b786c8,0x00000000e2b80000)
  to   space 17920K, 0% used [0x00000000e9700000,0x00000000e9700000,0x00000000ea880000)
 ParOldGen       total 140288K, used 18966K [0x0000000080000000, 0x0000000088900000, 0x00000000d5580000)
  object space 140288K, 13% used [0x0000000080000000,0x0000000081285900,0x0000000088900000)
 Metaspace       used 56148K, capacity 58874K, committed 59028K, reserved 1099776K
  class space    used 7627K, capacity 8162K, committed 8192K, reserved 1048576K
Event: 9.155 GC heap after
Heap after GC invocations=10 (full 2):
 PSYoungGen      total 324608K, used 17908K [0x00000000d5580000, 0x00000000eaf80000, 0x0000000100000000)
  eden space 306688K, 0% used [0x00000000d5580000,0x00000000d5580000,0x00000000e8100000)
  from space 17920K, 99% used [0x00000000e9700000,0x00000000ea87d170,0x00000000ea880000)
  to   space 22528K, 0% used [0x00000000e8100000,0x00000000e8100000,0x00000000e9700000)
 ParOldGen       total 140288K, used 24494K [0x0000000080000000, 0x0000000088900000, 0x00000000d5580000)
  object space 140288K, 17% used [0x0000000080000000,0x00000000817ebbc0,0x0000000088900000)
 Metaspace       used 56148K, capacity 58874K, committed 59028K, reserved 1099776K
  class space    used 7627K, capacity 8162K, committed 8192K, reserved 1048576K
}
Event: 9.155 GC heap before
{Heap before GC invocations=11 (full 3):
 PSYoungGen      total 324608K, used 17908K [0x00000000d5580000, 0x00000000eaf80000, 0x0000000100000000)
  eden space 306688K, 0% used [0x00000000d5580000,0x00000000d5580000,0x00000000e8100000)
  from space 17920K, 99% used [0x00000000e9700000,0x00000000ea87d170,0x00000000ea880000)
  to   space 22528K, 0% used [0x00000000e8100000,0x00000000e8100000,0x00000000e9700000)
 ParOldGen       total 140288K, used 24494K [0x0000000080000000, 0x0000000088900000, 0x00000000d5580000)
  object space 140288K, 17% used [0x0000000080000000,0x00000000817ebbc0,0x0000000088900000)
 Metaspace       used 56148K, capacity 58874K, committed 59028K, reserved 1099776K
  class space    used 7627K, capacity 8162K, committed 8192K, reserved 1048576K
Event: 9.331 GC heap after
Heap after GC invocations=11 (full 3):
 PSYoungGen      total 324608K, used 0K [0x00000000d5580000, 0x00000000eaf80000, 0x0000000100000000)
  eden space 306688K, 0% used [0x00000000d5580000,0x00000000d5580000,0x00000000e8100000)
  from space 17920K, 0% used [0x00000000e9700000,0x00000000e9700000,0x00000000ea880000)
  to   space 22528K, 0% used [0x00000000e8100000,0x00000000e8100000,0x00000000e9700000)
 ParOldGen       total 214016K, used 36012K [0x0000000080000000, 0x000000008d100000, 0x00000000d5580000)
  object space 214016K, 16% used [0x0000000080000000,0x000000008232b080,0x000000008d100000)
 Metaspace       used 56079K, capacity 58640K, committed 59028K, reserved 1099776K
  class space    used 7605K, capacity 8123K, committed 8192K, reserved 1048576K
}
Event: 12.106 GC heap before
{Heap before GC invocations=12 (full 3):
 PSYoungGen      total 324608K, used 306688K [0x00000000d5580000, 0x00000000eaf80000, 0x0000000100000000)
  eden space 306688K, 100% used [0x00000000d5580000,0x00000000e8100000,0x00000000e8100000)
  from space 17920K, 0% used [0x00000000e9700000,0x00000000e9700000,0x00000000ea880000)
  to   space 22528K, 0% used [0x00000000e8100000,0x00000000e8100000,0x00000000e9700000)
 ParOldGen       total 214016K, used 36012K [0x0000000080000000, 0x000000008d100000, 0x00000000d5580000)
  object space 214016K, 16% used [0x0000000080000000,0x000000008232b080,0x000000008d100000)
 Metaspace       used 71465K, capacity 75846K, committed 75992K, reserved 1114112K
  class space    used 9878K, capacity 10652K, committed 10752K, reserved 1048576K
Event: 12.124 GC heap after
Heap after GC invocations=12 (full 3):
 PSYoungGen      total 329216K, used 22508K [0x00000000d5580000, 0x00000000eea80000, 0x0000000100000000)
  eden space 306688K, 0% used [0x00000000d5580000,0x00000000d5580000,0x00000000e8100000)
  from space 22528K, 99% used [0x00000000e8100000,0x00000000e96fb3a0,0x00000000e9700000)
  to   space 26624K, 0% used [0x00000000ed080000,0x00000000ed080000,0x00000000eea80000)
 ParOldGen       total 214016K, used 38335K [0x0000000080000000, 0x000000008d100000, 0x00000000d5580000)
  object space 214016K, 17% used [0x0000000080000000,0x000000008256fea0,0x000000008d100000)
 Metaspace       used 71465K, capacity 75846K, committed 75992K, reserved 1114112K
  class space    used 9878K, capacity 10652K, committed 10752K, reserved 1048576K
}
Event: 7791.569 GC heap before
{Heap before GC invocations=13 (full 3):
 PSYoungGen      total 329216K, used 329196K [0x00000000d5580000, 0x00000000eea80000, 0x0000000100000000)
  eden space 306688K, 100% used [0x00000000d5580000,0x00000000e8100000,0x00000000e8100000)
  from space 22528K, 99% used [0x00000000e8100000,0x00000000e96fb3a0,0x00000000e9700000)
  to   space 26624K, 0% used [0x00000000ed080000,0x00000000ed080000,0x00000000eea80000)
 ParOldGen       total 214016K, used 38335K [0x0000000080000000, 0x000000008d100000, 0x00000000d5580000)
  object space 214016K, 17% used [0x0000000080000000,0x000000008256fea0,0x000000008d100000)
 Metaspace       used 82888K, capacity 87940K, committed 88152K, reserved 1126400K
  class space    used 11154K, capacity 12131K, committed 12160K, reserved 1048576K
Event: 7791.602 GC heap after
Heap after GC invocations=13 (full 3):
 PSYoungGen      total 323584K, used 26598K [0x00000000d5580000, 0x00000000eea80000, 0x0000000100000000)
  eden space 296960K, 0% used [0x00000000d5580000,0x00000000d5580000,0x00000000e7780000)
  from space 26624K, 99% used [0x00000000ed080000,0x00000000eea79830,0x00000000eea80000)
  to   space 36352K, 0% used [0x00000000ea380000,0x00000000ea380000,0x00000000ec700000)
 ParOldGen       total 214016K, used 54507K [0x0000000080000000, 0x000000008d100000, 0x00000000d5580000)
  object space 214016K, 25% used [0x0000000080000000,0x000000008353afc8,0x000000008d100000)
 Metaspace       used 82888K, capacity 87940K, committed 88152K, reserved 1126400K
  class space    used 11154K, capacity 12131K, committed 12160K, reserved 1048576K
}

