# JRE version: OpenJDK Runtime Environment (8.0_242-b01) (build 1.8.0_242-release-1644-b01)
# Java VM: OpenJDK 64-Bit Server VM (25.242-b01 mixed mode windows-amd64 compressed oops)
Heap:
 PSYoungGen      total 73728K, used 56294K [0x00000000d5580000, 0x00000000da780000, 0x0000000100000000)
  eden space 63488K, 75% used [0x00000000d5580000,0x00000000d84585b8,0x00000000d9380000)
  from space 10240K, 81% used [0x00000000d9d80000,0x00000000da5a1610,0x00000000da780000)
  to   space 10240K, 62% used [0x00000000d9380000,0x00000000d99c2020,0x00000000d9d80000)
 ParOldGen       total 167936K, used 32K [0x0000000080000000, 0x000000008a400000, 0x00000000d5580000)
  object space 167936K, 0% used [0x0000000080000000,0x0000000080008000,0x000000008a400000)
 Metaspace       used 17833K, capacity 18448K, committed 18560K, reserved 1069056K
  class space    used 2436K, capacity 2632K, committed 2688K, reserved 1048576K
GC Heap History (4 events):
Event: 1.415 GC heap before
{Heap before GC invocations=1 (full 0):
 PSYoungGen      total 73728K, used 63488K [0x00000000d5580000, 0x00000000da780000, 0x0000000100000000)
  eden space 63488K, 100% used [0x00000000d5580000,0x00000000d9380000,0x00000000d9380000)
  from space 10240K, 0% used [0x00000000d9d80000,0x00000000d9d80000,0x00000000da780000)
  to   space 10240K, 0% used [0x00000000d9380000,0x00000000d9380000,0x00000000d9d80000)
 ParOldGen       total 167936K, used 0K [0x0000000080000000, 0x000000008a400000, 0x00000000d5580000)
  object space 167936K, 0% used [0x0000000080000000,0x0000000080000000,0x000000008a400000)
 Metaspace       used 7789K, capacity 8104K, committed 8320K, reserved 1056768K
  class space    used 944K, capacity 1039K, committed 1152K, reserved 1048576K
Event: 1.423 GC heap after
Heap after GC invocations=1 (full 0):
 PSYoungGen      total 73728K, used 5873K [0x00000000d5580000, 0x00000000da780000, 0x0000000100000000)
  eden space 63488K, 0% used [0x00000000d5580000,0x00000000d5580000,0x00000000d9380000)
  from space 10240K, 57% used [0x00000000d9380000,0x00000000d993c510,0x00000000d9d80000)
  to   space 10240K, 0% used [0x00000000d9d80000,0x00000000d9d80000,0x00000000da780000)
 ParOldGen       total 167936K, used 16K [0x0000000080000000, 0x000000008a400000, 0x00000000d5580000)
  object space 167936K, 0% used [0x0000000080000000,0x0000000080004000,0x000000008a400000)
 Metaspace       used 7789K, capacity 8104K, committed 8320K, reserved 1056768K
  class space    used 944K, capacity 1039K, committed 1152K, reserved 1048576K
}
Event: 3.081 GC heap before
{Heap before GC invocations=2 (full 0):
 PSYoungGen      total 73728K, used 69361K [0x00000000d5580000, 0x00000000da780000, 0x0000000100000000)
  eden space 63488K, 100% used [0x00000000d5580000,0x00000000d9380000,0x00000000d9380000)
  from space 10240K, 57% used [0x00000000d9380000,0x00000000d993c510,0x00000000d9d80000)
  to   space 10240K, 0% used [0x00000000d9d80000,0x00000000d9d80000,0x00000000da780000)
 ParOldGen       total 167936K, used 16K [0x0000000080000000, 0x000000008a400000, 0x00000000d5580000)
  object space 167936K, 0% used [0x0000000080000000,0x0000000080004000,0x000000008a400000)
 Metaspace       used 13265K, capacity 13710K, committed 13824K, reserved 1060864K
  class space    used 1816K, capacity 1951K, committed 2048K, reserved 1048576K
Event: 3.089 GC heap after
Heap after GC invocations=2 (full 0):
 PSYoungGen      total 73728K, used 8325K [0x00000000d5580000, 0x00000000da780000, 0x0000000100000000)
  eden space 63488K, 0% used [0x00000000d5580000,0x00000000d5580000,0x00000000d9380000)
  from space 10240K, 81% used [0x00000000d9d80000,0x00000000da5a1610,0x00000000da780000)
  to   space 10240K, 0% used [0x00000000d9380000,0x00000000d9380000,0x00000000d9d80000)
 ParOldGen       total 167936K, used 24K [0x0000000080000000, 0x000000008a400000, 0x00000000d5580000)
  object space 167936K, 0% used [0x0000000080000000,0x0000000080006000,0x000000008a400000)
 Metaspace       used 13265K, capacity 13710K, committed 13824K, reserved 1060864K
  class space    used 1816K, capacity 1951K, committed 2048K, reserved 1048576K
}

