# JRE version: OpenJDK Runtime Environment (8.0_242-b01) (build 1.8.0_242-release-1644-b01)
# Java VM: OpenJDK 64-Bit Server VM (25.242-b01 mixed mode windows-amd64 compressed oops)
Heap:
 PSYoungGen      total 154624K, used 51181K [0x00000000d5580000, 0x00000000e0f00000, 0x0000000100000000)
  eden space 146432K, 34% used [0x00000000d5580000,0x00000000d877b660,0x00000000de480000)
  from space 8192K, 0% used [0x00000000e0700000,0x00000000e0700000,0x00000000e0f00000)
  to   space 11264K, 0% used [0x00000000df900000,0x00000000df900000,0x00000000e0400000)
 ParOldGen       total 148992K, used 32061K [0x0000000080000000, 0x0000000089180000, 0x00000000d5580000)
  object space 148992K, 21% used [0x0000000080000000,0x0000000081f4f5f0,0x0000000089180000)
 Metaspace       used 60116K, capacity 62580K, committed 62808K, reserved 1103872K
  class space    used 8282K, capacity 8779K, committed 8832K, reserved 1048576K
GC Heap History (10 events):
Event: 5.673 GC heap before
{Heap before GC invocations=9 (full 2):
 PSYoungGen      total 113152K, used 7942K [0x00000000d5580000, 0x00000000e1280000, 0x0000000100000000)
  eden space 100864K, 0% used [0x00000000d5580000,0x00000000d5580000,0x00000000db800000)
  from space 12288K, 64% used [0x00000000db800000,0x00000000dbfc1978,0x00000000dc400000)
  to   space 11776K, 0% used [0x00000000e0700000,0x00000000e0700000,0x00000000e1280000)
 ParOldGen       total 97792K, used 7959K [0x0000000080000000, 0x0000000085f80000, 0x00000000d5580000)
  object space 97792K, 8% used [0x0000000080000000,0x00000000807c5ed0,0x0000000085f80000)
 Metaspace       used 34156K, capacity 35308K, committed 35416K, reserved 1079296K
  class space    used 4656K, capacity 4929K, committed 4992K, reserved 1048576K
Event: 5.719 GC heap after
Heap after GC invocations=9 (full 2):
 PSYoungGen      total 113152K, used 0K [0x00000000d5580000, 0x00000000e1280000, 0x0000000100000000)
  eden space 100864K, 0% used [0x00000000d5580000,0x00000000d5580000,0x00000000db800000)
  from space 12288K, 0% used [0x00000000db800000,0x00000000db800000,0x00000000dc400000)
  to   space 11776K, 0% used [0x00000000e0700000,0x00000000e0700000,0x00000000e1280000)
 ParOldGen       total 148992K, used 14436K [0x0000000080000000, 0x0000000089180000, 0x00000000d5580000)
  object space 148992K, 9% used [0x0000000080000000,0x0000000080e19298,0x0000000089180000)
 Metaspace       used 34156K, capacity 35308K, committed 35416K, reserved 1079296K
  class space    used 4656K, capacity 4929K, committed 4992K, reserved 1048576K
}
Event: 6.654 GC heap before
{Heap before GC invocations=10 (full 2):
 PSYoungGen      total 113152K, used 100864K [0x00000000d5580000, 0x00000000e1280000, 0x0000000100000000)
  eden space 100864K, 100% used [0x00000000d5580000,0x00000000db800000,0x00000000db800000)
  from space 12288K, 0% used [0x00000000db800000,0x00000000db800000,0x00000000dc400000)
  to   space 11776K, 0% used [0x00000000e0700000,0x00000000e0700000,0x00000000e1280000)
 ParOldGen       total 148992K, used 14436K [0x0000000080000000, 0x0000000089180000, 0x00000000d5580000)
  object space 148992K, 9% used [0x0000000080000000,0x0000000080e19298,0x0000000089180000)
 Metaspace       used 38150K, capacity 39952K, committed 40152K, reserved 1083392K
  class space    used 5240K, capacity 5598K, committed 5632K, reserved 1048576K
Event: 6.662 GC heap after
Heap after GC invocations=10 (full 2):
 PSYoungGen      total 154624K, used 8115K [0x00000000d5580000, 0x00000000e0f00000, 0x0000000100000000)
  eden space 146432K, 0% used [0x00000000d5580000,0x00000000d5580000,0x00000000de480000)
  from space 8192K, 99% used [0x00000000e0700000,0x00000000e0eece60,0x00000000e0f00000)
  to   space 11264K, 0% used [0x00000000df900000,0x00000000df900000,0x00000000e0400000)
 ParOldGen       total 148992K, used 14444K [0x0000000080000000, 0x0000000089180000, 0x00000000d5580000)
  object space 148992K, 9% used [0x0000000080000000,0x0000000080e1b298,0x0000000089180000)
 Metaspace       used 38150K, capacity 39952K, committed 40152K, reserved 1083392K
  class space    used 5240K, capacity 5598K, committed 5632K, reserved 1048576K
}
Event: 8.132 GC heap before
{Heap before GC invocations=11 (full 2):
 PSYoungGen      total 154624K, used 154547K [0x00000000d5580000, 0x00000000e0f00000, 0x0000000100000000)
  eden space 146432K, 100% used [0x00000000d5580000,0x00000000de480000,0x00000000de480000)
  from space 8192K, 99% used [0x00000000e0700000,0x00000000e0eece60,0x00000000e0f00000)
  to   space 11264K, 0% used [0x00000000df900000,0x00000000df900000,0x00000000e0400000)
 ParOldGen       total 148992K, used 14444K [0x0000000080000000, 0x0000000089180000, 0x00000000d5580000)
  object space 148992K, 9% used [0x0000000080000000,0x0000000080e1b298,0x0000000089180000)
 Metaspace       used 51712K, capacity 53944K, committed 54232K, reserved 1095680K
  class space    used 6888K, capacity 7366K, committed 7424K, reserved 1048576K
Event: 8.150 GC heap after
Heap after GC invocations=11 (full 2):
 PSYoungGen      total 157696K, used 11236K [0x00000000d5580000, 0x00000000e0f00000, 0x0000000100000000)
  eden space 146432K, 0% used [0x00000000d5580000,0x00000000d5580000,0x00000000de480000)
  from space 11264K, 99% used [0x00000000df900000,0x00000000e03f9310,0x00000000e0400000)
  to   space 8192K, 0% used [0x00000000e0700000,0x00000000e0700000,0x00000000e0f00000)
 ParOldGen       total 148992K, used 25809K [0x0000000080000000, 0x0000000089180000, 0x00000000d5580000)
  object space 148992K, 17% used [0x0000000080000000,0x00000000819346e8,0x0000000089180000)
 Metaspace       used 51712K, capacity 53944K, committed 54232K, reserved 1095680K
  class space    used 6888K, capacity 7366K, committed 7424K, reserved 1048576K
}
Event: 8.687 GC heap before
{Heap before GC invocations=12 (full 2):
 PSYoungGen      total 157696K, used 63156K [0x00000000d5580000, 0x00000000e0f00000, 0x0000000100000000)
  eden space 146432K, 35% used [0x00000000d5580000,0x00000000d8833ed0,0x00000000de480000)
  from space 11264K, 99% used [0x00000000df900000,0x00000000e03f9310,0x00000000e0400000)
  to   space 8192K, 0% used [0x00000000e0700000,0x00000000e0700000,0x00000000e0f00000)
 ParOldGen       total 148992K, used 25809K [0x0000000080000000, 0x0000000089180000, 0x00000000d5580000)
  object space 148992K, 17% used [0x0000000080000000,0x00000000819346e8,0x0000000089180000)
 Metaspace       used 56584K, capacity 58996K, committed 59028K, reserved 1099776K
  class space    used 7704K, capacity 8187K, committed 8192K, reserved 1048576K
Event: 8.700 GC heap after
Heap after GC invocations=12 (full 2):
 PSYoungGen      total 154624K, used 8160K [0x00000000d5580000, 0x00000000e0f00000, 0x0000000100000000)
  eden space 146432K, 0% used [0x00000000d5580000,0x00000000d5580000,0x00000000de480000)
  from space 8192K, 99% used [0x00000000e0700000,0x00000000e0ef8020,0x00000000e0f00000)
  to   space 11264K, 0% used [0x00000000df900000,0x00000000df900000,0x00000000e0400000)
 ParOldGen       total 148992K, used 34912K [0x0000000080000000, 0x0000000089180000, 0x00000000d5580000)
  object space 148992K, 23% used [0x0000000080000000,0x0000000082218310,0x0000000089180000)
 Metaspace       used 56584K, capacity 58996K, committed 59028K, reserved 1099776K
  class space    used 7704K, capacity 8187K, committed 8192K, reserved 1048576K
}
Event: 8.701 GC heap before
{Heap before GC invocations=13 (full 3):
 PSYoungGen      total 154624K, used 8160K [0x00000000d5580000, 0x00000000e0f00000, 0x0000000100000000)
  eden space 146432K, 0% used [0x00000000d5580000,0x00000000d5580000,0x00000000de480000)
  from space 8192K, 99% used [0x00000000e0700000,0x00000000e0ef8020,0x00000000e0f00000)
  to   space 11264K, 0% used [0x00000000df900000,0x00000000df900000,0x00000000e0400000)
 ParOldGen       total 148992K, used 34912K [0x0000000080000000, 0x0000000089180000, 0x00000000d5580000)
  object space 148992K, 23% used [0x0000000080000000,0x0000000082218310,0x0000000089180000)
 Metaspace       used 56584K, capacity 58996K, committed 59028K, reserved 1099776K
  class space    used 7704K, capacity 8187K, committed 8192K, reserved 1048576K
Event: 8.865 GC heap after
Heap after GC invocations=13 (full 3):
 PSYoungGen      total 154624K, used 0K [0x00000000d5580000, 0x00000000e0f00000, 0x0000000100000000)
  eden space 146432K, 0% used [0x00000000d5580000,0x00000000d5580000,0x00000000de480000)
  from space 8192K, 0% used [0x00000000e0700000,0x00000000e0700000,0x00000000e0f00000)
  to   space 11264K, 0% used [0x00000000df900000,0x00000000df900000,0x00000000e0400000)
 ParOldGen       total 148992K, used 32061K [0x0000000080000000, 0x0000000089180000, 0x00000000d5580000)
  object space 148992K, 21% used [0x0000000080000000,0x0000000081f4f5f0,0x0000000089180000)
 Metaspace       used 56533K, capacity 58822K, committed 59028K, reserved 1099776K
  class space    used 7688K, capacity 8158K, committed 8192K, reserved 1048576K
}

