# JRE version: OpenJDK Runtime Environment (8.0_242-b01) (build 1.8.0_242-release-1644-b01)
# Java VM: OpenJDK 64-Bit Server VM (25.242-b01 mixed mode windows-amd64 compressed oops)
Heap:
 PSYoungGen      total 130048K, used 98643K [0x00000000d5580000, 0x00000000df700000, 0x0000000100000000)
  eden space 111104K, 79% used [0x00000000d5580000,0x00000000dab765e8,0x00000000dc200000)
  from space 18944K, 56% used [0x00000000dc200000,0x00000000dcc5e640,0x00000000dd480000)
  to   space 18432K, 0% used [0x00000000de500000,0x00000000de500000,0x00000000df700000)
 ParOldGen       total 407040K, used 36238K [0x0000000080000000, 0x0000000098d80000, 0x00000000d5580000)
  object space 407040K, 8% used [0x0000000080000000,0x0000000082363a08,0x0000000098d80000)
 Metaspace       used 68251K, capacity 71824K, committed 72192K, reserved 1112064K
  class space    used 9292K, capacity 9931K, committed 9984K, reserved 1048576K
GC Heap History (10 events):
Event: 6.816 GC heap before
{Heap before GC invocations=11 (full 3):
 PSYoungGen      total 91136K, used 80896K [0x00000000d5580000, 0x00000000dd900000, 0x0000000100000000)
  eden space 80896K, 100% used [0x00000000d5580000,0x00000000da480000,0x00000000da480000)
  from space 10240K, 0% used [0x00000000da480000,0x00000000da480000,0x00000000dae80000)
  to   space 11264K, 0% used [0x00000000dce00000,0x00000000dce00000,0x00000000dd900000)
 ParOldGen       total 271872K, used 16507K [0x0000000080000000, 0x0000000090980000, 0x00000000d5580000)
  object space 271872K, 6% used [0x0000000080000000,0x000000008101ed78,0x0000000090980000)
 Metaspace       used 40031K, capacity 42014K, committed 42240K, reserved 1087488K
  class space    used 5500K, capacity 5887K, committed 5888K, reserved 1048576K
Event: 6.823 GC heap after
Heap after GC invocations=11 (full 3):
 PSYoungGen      total 108544K, used 7199K [0x00000000d5580000, 0x00000000dd580000, 0x0000000100000000)
  eden space 100864K, 0% used [0x00000000d5580000,0x00000000d5580000,0x00000000db800000)
  from space 7680K, 93% used [0x00000000dce00000,0x00000000dd507ca8,0x00000000dd580000)
  to   space 10752K, 0% used [0x00000000dc080000,0x00000000dc080000,0x00000000dcb00000)
 ParOldGen       total 271872K, used 16515K [0x0000000080000000, 0x0000000090980000, 0x00000000d5580000)
  object space 271872K, 6% used [0x0000000080000000,0x0000000081020d78,0x0000000090980000)
 Metaspace       used 40031K, capacity 42014K, committed 42240K, reserved 1087488K
  class space    used 5500K, capacity 5887K, committed 5888K, reserved 1048576K
}
Event: 7.870 GC heap before
{Heap before GC invocations=12 (full 3):
 PSYoungGen      total 108544K, used 108063K [0x00000000d5580000, 0x00000000dd580000, 0x0000000100000000)
  eden space 100864K, 100% used [0x00000000d5580000,0x00000000db800000,0x00000000db800000)
  from space 7680K, 93% used [0x00000000dce00000,0x00000000dd507ca8,0x00000000dd580000)
  to   space 10752K, 0% used [0x00000000dc080000,0x00000000dc080000,0x00000000dcb00000)
 ParOldGen       total 271872K, used 16515K [0x0000000080000000, 0x0000000090980000, 0x00000000d5580000)
  object space 271872K, 6% used [0x0000000080000000,0x0000000081020d78,0x0000000090980000)
 Metaspace       used 51039K, capacity 53216K, committed 53376K, reserved 1095680K
  class space    used 6797K, capacity 7212K, committed 7296K, reserved 1048576K
Event: 7.880 GC heap after
Heap after GC invocations=12 (full 3):
 PSYoungGen      total 120320K, used 10736K [0x00000000d5580000, 0x00000000de280000, 0x0000000100000000)
  eden space 109568K, 0% used [0x00000000d5580000,0x00000000d5580000,0x00000000dc080000)
  from space 10752K, 99% used [0x00000000dc080000,0x00000000dcafc210,0x00000000dcb00000)
  to   space 14336K, 0% used [0x00000000dd480000,0x00000000dd480000,0x00000000de280000)
 ParOldGen       total 271872K, used 22594K [0x0000000080000000, 0x0000000090980000, 0x00000000d5580000)
  object space 271872K, 8% used [0x0000000080000000,0x0000000081610b28,0x0000000090980000)
 Metaspace       used 51039K, capacity 53216K, committed 53376K, reserved 1095680K
  class space    used 6797K, capacity 7212K, committed 7296K, reserved 1048576K
}
Event: 8.931 GC heap before
{Heap before GC invocations=13 (full 3):
 PSYoungGen      total 120320K, used 120304K [0x00000000d5580000, 0x00000000de280000, 0x0000000100000000)
  eden space 109568K, 100% used [0x00000000d5580000,0x00000000dc080000,0x00000000dc080000)
  from space 10752K, 99% used [0x00000000dc080000,0x00000000dcafc210,0x00000000dcb00000)
  to   space 14336K, 0% used [0x00000000dd480000,0x00000000dd480000,0x00000000de280000)
 ParOldGen       total 271872K, used 22594K [0x0000000080000000, 0x0000000090980000, 0x00000000d5580000)
  object space 271872K, 8% used [0x0000000080000000,0x0000000081610b28,0x0000000090980000)
 Metaspace       used 59535K, capacity 62180K, committed 62208K, reserved 1103872K
  class space    used 8172K, capacity 8679K, committed 8704K, reserved 1048576K
Event: 8.949 GC heap after
Heap after GC invocations=13 (full 3):
 PSYoungGen      total 125440K, used 14324K [0x00000000d5580000, 0x00000000df700000, 0x0000000100000000)
  eden space 111104K, 0% used [0x00000000d5580000,0x00000000d5580000,0x00000000dc200000)
  from space 14336K, 99% used [0x00000000dd480000,0x00000000de27d340,0x00000000de280000)
  to   space 18944K, 0% used [0x00000000dc200000,0x00000000dc200000,0x00000000dd480000)
 ParOldGen       total 271872K, used 30928K [0x0000000080000000, 0x0000000090980000, 0x00000000d5580000)
  object space 271872K, 11% used [0x0000000080000000,0x0000000081e342a0,0x0000000090980000)
 Metaspace       used 59535K, capacity 62180K, committed 62208K, reserved 1103872K
  class space    used 8172K, capacity 8679K, committed 8704K, reserved 1048576K
}
Event: 8.949 GC heap before
{Heap before GC invocations=14 (full 4):
 PSYoungGen      total 125440K, used 14324K [0x00000000d5580000, 0x00000000df700000, 0x0000000100000000)
  eden space 111104K, 0% used [0x00000000d5580000,0x00000000d5580000,0x00000000dc200000)
  from space 14336K, 99% used [0x00000000dd480000,0x00000000de27d340,0x00000000de280000)
  to   space 18944K, 0% used [0x00000000dc200000,0x00000000dc200000,0x00000000dd480000)
 ParOldGen       total 271872K, used 30928K [0x0000000080000000, 0x0000000090980000, 0x00000000d5580000)
  object space 271872K, 11% used [0x0000000080000000,0x0000000081e342a0,0x0000000090980000)
 Metaspace       used 59535K, capacity 62180K, committed 62208K, reserved 1103872K
  class space    used 8172K, capacity 8679K, committed 8704K, reserved 1048576K
Event: 9.022 GC heap after
Heap after GC invocations=14 (full 4):
 PSYoungGen      total 125440K, used 0K [0x00000000d5580000, 0x00000000df700000, 0x0000000100000000)
  eden space 111104K, 0% used [0x00000000d5580000,0x00000000d5580000,0x00000000dc200000)
  from space 14336K, 0% used [0x00000000dd480000,0x00000000dd480000,0x00000000de280000)
  to   space 18944K, 0% used [0x00000000dc200000,0x00000000dc200000,0x00000000dd480000)
 ParOldGen       total 407040K, used 36230K [0x0000000080000000, 0x0000000098d80000, 0x00000000d5580000)
  object space 407040K, 8% used [0x0000000080000000,0x0000000082361a08,0x0000000098d80000)
 Metaspace       used 59449K, capacity 61886K, committed 62208K, reserved 1103872K
  class space    used 8145K, capacity 8630K, committed 8704K, reserved 1048576K
}
Event: 10.370 GC heap before
{Heap before GC invocations=15 (full 4):
 PSYoungGen      total 125440K, used 111104K [0x00000000d5580000, 0x00000000df700000, 0x0000000100000000)
  eden space 111104K, 100% used [0x00000000d5580000,0x00000000dc200000,0x00000000dc200000)
  from space 14336K, 0% used [0x00000000dd480000,0x00000000dd480000,0x00000000de280000)
  to   space 18944K, 0% used [0x00000000dc200000,0x00000000dc200000,0x00000000dd480000)
 ParOldGen       total 407040K, used 36230K [0x0000000080000000, 0x0000000098d80000, 0x00000000d5580000)
  object space 407040K, 8% used [0x0000000080000000,0x0000000082361a08,0x0000000098d80000)
 Metaspace       used 64866K, capacity 68414K, committed 68608K, reserved 1110016K
  class space    used 8979K, capacity 9612K, committed 9728K, reserved 1048576K
Event: 10.378 GC heap after
Heap after GC invocations=15 (full 4):
 PSYoungGen      total 130048K, used 10617K [0x00000000d5580000, 0x00000000df700000, 0x0000000100000000)
  eden space 111104K, 0% used [0x00000000d5580000,0x00000000d5580000,0x00000000dc200000)
  from space 18944K, 56% used [0x00000000dc200000,0x00000000dcc5e640,0x00000000dd480000)
  to   space 18432K, 0% used [0x00000000de500000,0x00000000de500000,0x00000000df700000)
 ParOldGen       total 407040K, used 36238K [0x0000000080000000, 0x0000000098d80000, 0x00000000d5580000)
  object space 407040K, 8% used [0x0000000080000000,0x0000000082363a08,0x0000000098d80000)
 Metaspace       used 64866K, capacity 68414K, committed 68608K, reserved 1110016K
  class space    used 8979K, capacity 9612K, committed 9728K, reserved 1048576K
}

