# JRE version: OpenJDK Runtime Environment (8.0_242-b01) (build 1.8.0_242-release-1644-b01)
# Java VM: OpenJDK 64-Bit Server VM (25.242-b01 mixed mode windows-amd64 compressed oops)
Heap:
 PSYoungGen      total 201728K, used 100346K [0x00000000d5580000, 0x00000000e5200000, 0x0000000100000000)
  eden space 182272K, 46% used [0x00000000d5580000,0x00000000da794a38,0x00000000e0780000)
  from space 19456K, 83% used [0x00000000e0780000,0x00000000e176a180,0x00000000e1a80000)
  to   space 20480K, 0% used [0x00000000e3e00000,0x00000000e3e00000,0x00000000e5200000)
 ParOldGen       total 220672K, used 32640K [0x0000000080000000, 0x000000008d780000, 0x00000000d5580000)
  object space 220672K, 14% used [0x0000000080000000,0x0000000081fe03e0,0x000000008d780000)
 Metaspace       used 68998K, capacity 73010K, committed 73176K, reserved 1112064K
  class space    used 9404K, capacity 10140K, committed 10240K, reserved 1048576K
GC Heap History (10 events):
Event: 7.176 GC heap before
{Heap before GC invocations=10 (full 2):
 PSYoungGen      total 112640K, used 100352K [0x00000000d5580000, 0x00000000e0f00000, 0x0000000100000000)
  eden space 100352K, 100% used [0x00000000d5580000,0x00000000db780000,0x00000000db780000)
  from space 12288K, 0% used [0x00000000db780000,0x00000000db780000,0x00000000dc380000)
  to   space 11776K, 0% used [0x00000000e0380000,0x00000000e0380000,0x00000000e0f00000)
 ParOldGen       total 147456K, used 14431K [0x0000000080000000, 0x0000000089000000, 0x00000000d5580000)
  object space 147456K, 9% used [0x0000000080000000,0x0000000080e17e40,0x0000000089000000)
 Metaspace       used 37790K, capacity 39508K, committed 39640K, reserved 1083392K
  class space    used 5182K, capacity 5532K, committed 5632K, reserved 1048576K
Event: 7.183 GC heap after
Heap after GC invocations=10 (full 2):
 PSYoungGen      total 153600K, used 7582K [0x00000000d5580000, 0x00000000e0b00000, 0x0000000100000000)
  eden space 145920K, 0% used [0x00000000d5580000,0x00000000d5580000,0x00000000de400000)
  from space 7680K, 98% used [0x00000000e0380000,0x00000000e0ae7b18,0x00000000e0b00000)
  to   space 11776K, 0% used [0x00000000df400000,0x00000000df400000,0x00000000dff80000)
 ParOldGen       total 147456K, used 14439K [0x0000000080000000, 0x0000000089000000, 0x00000000d5580000)
  object space 147456K, 9% used [0x0000000080000000,0x0000000080e19e40,0x0000000089000000)
 Metaspace       used 37790K, capacity 39508K, committed 39640K, reserved 1083392K
  class space    used 5182K, capacity 5532K, committed 5632K, reserved 1048576K
}
Event: 8.504 GC heap before
{Heap before GC invocations=11 (full 2):
 PSYoungGen      total 153600K, used 153502K [0x00000000d5580000, 0x00000000e0b00000, 0x0000000100000000)
  eden space 145920K, 100% used [0x00000000d5580000,0x00000000de400000,0x00000000de400000)
  from space 7680K, 98% used [0x00000000e0380000,0x00000000e0ae7b18,0x00000000e0b00000)
  to   space 11776K, 0% used [0x00000000df400000,0x00000000df400000,0x00000000dff80000)
 ParOldGen       total 147456K, used 14439K [0x0000000080000000, 0x0000000089000000, 0x00000000d5580000)
  object space 147456K, 9% used [0x0000000080000000,0x0000000080e19e40,0x0000000089000000)
 Metaspace       used 51259K, capacity 53380K, committed 53592K, reserved 1095680K
  class space    used 6832K, capacity 7264K, committed 7296K, reserved 1048576K
Event: 8.522 GC heap after
Heap after GC invocations=11 (full 2):
 PSYoungGen      total 174080K, used 11756K [0x00000000d5580000, 0x00000000e2b00000, 0x0000000100000000)
  eden space 162304K, 0% used [0x00000000d5580000,0x00000000d5580000,0x00000000df400000)
  from space 11776K, 99% used [0x00000000df400000,0x00000000dff7b310,0x00000000dff80000)
  to   space 16896K, 0% used [0x00000000e1a80000,0x00000000e1a80000,0x00000000e2b00000)
 ParOldGen       total 147456K, used 25055K [0x0000000080000000, 0x0000000089000000, 0x00000000d5580000)
  object space 147456K, 16% used [0x0000000080000000,0x0000000081877fd8,0x0000000089000000)
 Metaspace       used 51259K, capacity 53380K, committed 53592K, reserved 1095680K
  class space    used 6832K, capacity 7264K, committed 7296K, reserved 1048576K
}
Event: 9.169 GC heap before
{Heap before GC invocations=12 (full 2):
 PSYoungGen      total 174080K, used 66254K [0x00000000d5580000, 0x00000000e2b00000, 0x0000000100000000)
  eden space 162304K, 33% used [0x00000000d5580000,0x00000000d8ab87a0,0x00000000df400000)
  from space 11776K, 99% used [0x00000000df400000,0x00000000dff7b310,0x00000000dff80000)
  to   space 16896K, 0% used [0x00000000e1a80000,0x00000000e1a80000,0x00000000e2b00000)
 ParOldGen       total 147456K, used 25055K [0x0000000080000000, 0x0000000089000000, 0x00000000d5580000)
  object space 147456K, 16% used [0x0000000080000000,0x0000000081877fd8,0x0000000089000000)
 Metaspace       used 56526K, capacity 58936K, committed 59028K, reserved 1099776K
  class space    used 7687K, capacity 8149K, committed 8192K, reserved 1048576K
Event: 9.188 GC heap after
Heap after GC invocations=12 (full 2):
 PSYoungGen      total 199168K, used 16884K [0x00000000d5580000, 0x00000000e4900000, 0x0000000100000000)
  eden space 182272K, 0% used [0x00000000d5580000,0x00000000d5580000,0x00000000e0780000)
  from space 16896K, 99% used [0x00000000e1a80000,0x00000000e2afd2b0,0x00000000e2b00000)
  to   space 19456K, 0% used [0x00000000e0780000,0x00000000e0780000,0x00000000e1a80000)
 ParOldGen       total 147456K, used 26822K [0x0000000080000000, 0x0000000089000000, 0x00000000d5580000)
  object space 147456K, 18% used [0x0000000080000000,0x0000000081a319a0,0x0000000089000000)
 Metaspace       used 56526K, capacity 58936K, committed 59028K, reserved 1099776K
  class space    used 7687K, capacity 8149K, committed 8192K, reserved 1048576K
}
Event: 9.188 GC heap before
{Heap before GC invocations=13 (full 3):
 PSYoungGen      total 199168K, used 16884K [0x00000000d5580000, 0x00000000e4900000, 0x0000000100000000)
  eden space 182272K, 0% used [0x00000000d5580000,0x00000000d5580000,0x00000000e0780000)
  from space 16896K, 99% used [0x00000000e1a80000,0x00000000e2afd2b0,0x00000000e2b00000)
  to   space 19456K, 0% used [0x00000000e0780000,0x00000000e0780000,0x00000000e1a80000)
 ParOldGen       total 147456K, used 26822K [0x0000000080000000, 0x0000000089000000, 0x00000000d5580000)
  object space 147456K, 18% used [0x0000000080000000,0x0000000081a319a0,0x0000000089000000)
 Metaspace       used 56526K, capacity 58936K, committed 59028K, reserved 1099776K
  class space    used 7687K, capacity 8149K, committed 8192K, reserved 1048576K
Event: 9.368 GC heap after
Heap after GC invocations=13 (full 3):
 PSYoungGen      total 199168K, used 0K [0x00000000d5580000, 0x00000000e4900000, 0x0000000100000000)
  eden space 182272K, 0% used [0x00000000d5580000,0x00000000d5580000,0x00000000e0780000)
  from space 16896K, 0% used [0x00000000e1a80000,0x00000000e1a80000,0x00000000e2b00000)
  to   space 19456K, 0% used [0x00000000e0780000,0x00000000e0780000,0x00000000e1a80000)
 ParOldGen       total 220672K, used 32632K [0x0000000080000000, 0x000000008d780000, 0x00000000d5580000)
  object space 220672K, 14% used [0x0000000080000000,0x0000000081fde3e0,0x000000008d780000)
 Metaspace       used 56469K, capacity 58744K, committed 59028K, reserved 1099776K
  class space    used 7670K, capacity 8117K, committed 8192K, reserved 1048576K
}
Event: 11.430 GC heap before
{Heap before GC invocations=14 (full 3):
 PSYoungGen      total 199168K, used 182154K [0x00000000d5580000, 0x00000000e4900000, 0x0000000100000000)
  eden space 182272K, 99% used [0x00000000d5580000,0x00000000e0762a38,0x00000000e0780000)
  from space 16896K, 0% used [0x00000000e1a80000,0x00000000e1a80000,0x00000000e2b00000)
  to   space 19456K, 0% used [0x00000000e0780000,0x00000000e0780000,0x00000000e1a80000)
 ParOldGen       total 220672K, used 32632K [0x0000000080000000, 0x000000008d780000, 0x00000000d5580000)
  object space 220672K, 14% used [0x0000000080000000,0x0000000081fde3e0,0x000000008d780000)
 Metaspace       used 65562K, capacity 69550K, committed 69720K, reserved 1110016K
  class space    used 9051K, capacity 9762K, committed 9856K, reserved 1048576K
Event: 11.447 GC heap after
Heap after GC invocations=14 (full 3):
 PSYoungGen      total 201728K, used 16296K [0x00000000d5580000, 0x00000000e5200000, 0x0000000100000000)
  eden space 182272K, 0% used [0x00000000d5580000,0x00000000d5580000,0x00000000e0780000)
  from space 19456K, 83% used [0x00000000e0780000,0x00000000e176a180,0x00000000e1a80000)
  to   space 20480K, 0% used [0x00000000e3e00000,0x00000000e3e00000,0x00000000e5200000)
 ParOldGen       total 220672K, used 32640K [0x0000000080000000, 0x000000008d780000, 0x00000000d5580000)
  object space 220672K, 14% used [0x0000000080000000,0x0000000081fe03e0,0x000000008d780000)
 Metaspace       used 65562K, capacity 69550K, committed 69720K, reserved 1110016K
  class space    used 9051K, capacity 9762K, committed 9856K, reserved 1048576K
}

