# JRE version: OpenJDK Runtime Environment (8.0_242-b01) (build 1.8.0_242-release-1644-b01)
# Java VM: OpenJDK 64-Bit Server VM (25.242-b01 mixed mode windows-amd64 compressed oops)
Heap:
 PSYoungGen      total 234496K, used 69552K [0x00000000d5580000, 0x00000000e6980000, 0x0000000100000000)
  eden space 207872K, 33% used [0x00000000d5580000,0x00000000d996c1f8,0x00000000e2080000)
  from space 26624K, 0% used [0x00000000e4300000,0x00000000e4300000,0x00000000e5d00000)
  to   space 12800K, 0% used [0x00000000e5d00000,0x00000000e5d00000,0x00000000e6980000)
 ParOldGen       total 330752K, used 53714K [0x0000000080000000, 0x0000000094300000, 0x00000000d5580000)
  object space 330752K, 16% used [0x0000000080000000,0x0000000083474a08,0x0000000094300000)
 Metaspace       used 92554K, capacity 97018K, committed 98380K, reserved 1134592K
  class space    used 12048K, capacity 12982K, committed 13312K, reserved 1048576K
GC Heap History (10 events):
Event: 10141.228 GC heap before
{Heap before GC invocations=15 (full 3):
 PSYoungGen      total 208896K, used 206180K [0x00000000d5580000, 0x00000000e5a00000, 0x0000000100000000)
  eden space 189440K, 100% used [0x00000000d5580000,0x00000000e0e80000,0x00000000e0e80000)
  from space 19456K, 86% used [0x00000000e0e80000,0x00000000e1ed91f8,0x00000000e2180000)
  to   space 20480K, 0% used [0x00000000e4600000,0x00000000e4600000,0x00000000e5a00000)
 ParOldGen       total 217600K, used 32266K [0x0000000080000000, 0x000000008d480000, 0x00000000d5580000)
  object space 217600K, 14% used [0x0000000080000000,0x0000000081f82ab8,0x000000008d480000)
 Metaspace       used 72315K, capacity 76174K, committed 76376K, reserved 1116160K
  class space    used 9554K, capacity 10265K, committed 10368K, reserved 1048576K
Event: 10141.246 GC heap after
Heap after GC invocations=15 (full 3):
 PSYoungGen      total 239616K, used 20475K [0x00000000d5580000, 0x00000000e5a80000, 0x0000000100000000)
  eden space 219136K, 0% used [0x00000000d5580000,0x00000000d5580000,0x00000000e2b80000)
  from space 20480K, 99% used [0x00000000e4600000,0x00000000e59fef70,0x00000000e5a00000)
  to   space 24064K, 0% used [0x00000000e2b80000,0x00000000e2b80000,0x00000000e4300000)
 ParOldGen       total 217600K, used 34312K [0x0000000080000000, 0x000000008d480000, 0x00000000d5580000)
  object space 217600K, 15% used [0x0000000080000000,0x0000000082182068,0x000000008d480000)
 Metaspace       used 72315K, capacity 76174K, committed 76376K, reserved 1116160K
  class space    used 9554K, capacity 10265K, committed 10368K, reserved 1048576K
}
Event: 10143.452 GC heap before
{Heap before GC invocations=16 (full 3):
 PSYoungGen      total 239616K, used 239611K [0x00000000d5580000, 0x00000000e5a80000, 0x0000000100000000)
  eden space 219136K, 100% used [0x00000000d5580000,0x00000000e2b80000,0x00000000e2b80000)
  from space 20480K, 99% used [0x00000000e4600000,0x00000000e59fef70,0x00000000e5a00000)
  to   space 24064K, 0% used [0x00000000e2b80000,0x00000000e2b80000,0x00000000e4300000)
 ParOldGen       total 217600K, used 34312K [0x0000000080000000, 0x000000008d480000, 0x00000000d5580000)
  object space 217600K, 15% used [0x0000000080000000,0x0000000082182068,0x000000008d480000)
 Metaspace       used 81027K, capacity 85590K, committed 85848K, reserved 1124352K
  class space    used 10716K, capacity 11529K, committed 11648K, reserved 1048576K
Event: 10143.471 GC heap after
Heap after GC invocations=16 (full 3):
 PSYoungGen      total 243200K, used 24033K [0x00000000d5580000, 0x00000000e8680000, 0x0000000100000000)
  eden space 219136K, 0% used [0x00000000d5580000,0x00000000d5580000,0x00000000e2b80000)
  from space 24064K, 99% used [0x00000000e2b80000,0x00000000e42f85d0,0x00000000e4300000)
  to   space 30208K, 0% used [0x00000000e6900000,0x00000000e6900000,0x00000000e8680000)
 ParOldGen       total 217600K, used 42437K [0x0000000080000000, 0x000000008d480000, 0x00000000d5580000)
  object space 217600K, 19% used [0x0000000080000000,0x00000000829717e8,0x000000008d480000)
 Metaspace       used 81027K, capacity 85590K, committed 85848K, reserved 1124352K
  class space    used 10716K, capacity 11529K, committed 11648K, reserved 1048576K
}
Event: 10175.338 GC heap before
{Heap before GC invocations=17 (full 3):
 PSYoungGen      total 243200K, used 243169K [0x00000000d5580000, 0x00000000e8680000, 0x0000000100000000)
  eden space 219136K, 100% used [0x00000000d5580000,0x00000000e2b80000,0x00000000e2b80000)
  from space 24064K, 99% used [0x00000000e2b80000,0x00000000e42f85d0,0x00000000e4300000)
  to   space 30208K, 0% used [0x00000000e6900000,0x00000000e6900000,0x00000000e8680000)
 ParOldGen       total 217600K, used 42437K [0x0000000080000000, 0x000000008d480000, 0x00000000d5580000)
  object space 217600K, 19% used [0x0000000080000000,0x00000000829717e8,0x000000008d480000)
 Metaspace       used 89930K, capacity 95126K, committed 95320K, reserved 1132544K
  class space    used 11865K, capacity 12873K, committed 12928K, reserved 1048576K
Event: 10175.363 GC heap after
Heap after GC invocations=17 (full 3):
 PSYoungGen      total 243200K, used 29531K [0x00000000d5580000, 0x00000000e8600000, 0x0000000100000000)
  eden space 213504K, 0% used [0x00000000d5580000,0x00000000d5580000,0x00000000e2600000)
  from space 29696K, 99% used [0x00000000e6900000,0x00000000e85d6fc0,0x00000000e8600000)
  to   space 34304K, 0% used [0x00000000e4300000,0x00000000e4300000,0x00000000e6480000)
 ParOldGen       total 217600K, used 56054K [0x0000000080000000, 0x000000008d480000, 0x00000000d5580000)
  object space 217600K, 25% used [0x0000000080000000,0x00000000836bd8f0,0x000000008d480000)
 Metaspace       used 89930K, capacity 95126K, committed 95320K, reserved 1132544K
  class space    used 11865K, capacity 12873K, committed 12928K, reserved 1048576K
}
Event: 11635.051 GC heap before
{Heap before GC invocations=18 (full 3):
 PSYoungGen      total 243200K, used 224605K [0x00000000d5580000, 0x00000000e8600000, 0x0000000100000000)
  eden space 213504K, 91% used [0x00000000d5580000,0x00000000e1400828,0x00000000e2600000)
  from space 29696K, 99% used [0x00000000e6900000,0x00000000e85d6fc0,0x00000000e8600000)
  to   space 34304K, 0% used [0x00000000e4300000,0x00000000e4300000,0x00000000e6480000)
 ParOldGen       total 217600K, used 56054K [0x0000000080000000, 0x000000008d480000, 0x00000000d5580000)
  object space 217600K, 25% used [0x0000000080000000,0x00000000836bd8f0,0x000000008d480000)
 Metaspace       used 92880K, capacity 98324K, committed 98380K, reserved 1134592K
  class space    used 12196K, capacity 13256K, committed 13312K, reserved 1048576K
Event: 11635.069 GC heap after
Heap after GC invocations=18 (full 3):
 PSYoungGen      total 234496K, used 26476K [0x00000000d5580000, 0x00000000e6980000, 0x0000000100000000)
  eden space 207872K, 0% used [0x00000000d5580000,0x00000000d5580000,0x00000000e2080000)
  from space 26624K, 99% used [0x00000000e4300000,0x00000000e5cdb1f8,0x00000000e5d00000)
  to   space 12800K, 0% used [0x00000000e5d00000,0x00000000e5d00000,0x00000000e6980000)
 ParOldGen       total 217600K, used 56062K [0x0000000080000000, 0x000000008d480000, 0x00000000d5580000)
  object space 217600K, 25% used [0x0000000080000000,0x00000000836bf8f0,0x000000008d480000)
 Metaspace       used 92880K, capacity 98324K, committed 98380K, reserved 1134592K
  class space    used 12196K, capacity 13256K, committed 13312K, reserved 1048576K
}
Event: 11635.069 GC heap before
{Heap before GC invocations=19 (full 4):
 PSYoungGen      total 234496K, used 26476K [0x00000000d5580000, 0x00000000e6980000, 0x0000000100000000)
  eden space 207872K, 0% used [0x00000000d5580000,0x00000000d5580000,0x00000000e2080000)
  from space 26624K, 99% used [0x00000000e4300000,0x00000000e5cdb1f8,0x00000000e5d00000)
  to   space 12800K, 0% used [0x00000000e5d00000,0x00000000e5d00000,0x00000000e6980000)
 ParOldGen       total 217600K, used 56062K [0x0000000080000000, 0x000000008d480000, 0x00000000d5580000)
  object space 217600K, 25% used [0x0000000080000000,0x00000000836bf8f0,0x000000008d480000)
 Metaspace       used 92880K, capacity 98324K, committed 98380K, reserved 1134592K
  class space    used 12196K, capacity 13256K, committed 13312K, reserved 1048576K
Event: 11635.254 GC heap after
Heap after GC invocations=19 (full 4):
 PSYoungGen      total 234496K, used 0K [0x00000000d5580000, 0x00000000e6980000, 0x0000000100000000)
  eden space 207872K, 0% used [0x00000000d5580000,0x00000000d5580000,0x00000000e2080000)
  from space 26624K, 0% used [0x00000000e4300000,0x00000000e4300000,0x00000000e5d00000)
  to   space 12800K, 0% used [0x00000000e5d00000,0x00000000e5d00000,0x00000000e6980000)
 ParOldGen       total 330752K, used 53714K [0x0000000080000000, 0x0000000094300000, 0x00000000d5580000)
  object space 330752K, 16% used [0x0000000080000000,0x0000000083474a08,0x0000000094300000)
 Metaspace       used 92161K, capacity 96534K, committed 98380K, reserved 1134592K
  class space    used 12001K, capacity 12918K, committed 13312K, reserved 1048576K
}

