# JRE version: OpenJDK Runtime Environment (8.0_242-b01) (build 1.8.0_242-release-1644-b01)
# Java VM: OpenJDK 64-Bit Server VM (25.242-b01 mixed mode windows-amd64 compressed oops)
Heap:
 PSYoungGen      total 235008K, used 100388K [0x00000000d5580000, 0x00000000e6480000, 0x0000000100000000)
  eden space 205824K, 34% used [0x00000000d5580000,0x00000000d9b0fbd8,0x00000000e1e80000)
  from space 29184K, 99% used [0x00000000e1e80000,0x00000000e3af9618,0x00000000e3b00000)
  to   space 19968K, 0% used [0x00000000e3b00000,0x00000000e3b00000,0x00000000e4e80000)
 ParOldGen       total 224768K, used 61369K [0x0000000080000000, 0x000000008db80000, 0x00000000d5580000)
  object space 224768K, 27% used [0x0000000080000000,0x0000000083bee648,0x000000008db80000)
 Metaspace       used 80513K, capacity 87574K, committed 87640K, reserved 1124352K
  class space    used 11406K, capacity 12630K, committed 12672K, reserved 1048576K
GC Heap History (10 events):
Event: 6.071 GC heap before
{Heap before GC invocations=12 (full 2):
 PSYoungGen      total 180736K, used 60788K [0x00000000d5580000, 0x00000000e2b80000, 0x0000000100000000)
  eden space 169472K, 29% used [0x00000000d5580000,0x00000000d85e1fd0,0x00000000dfb00000)
  from space 11264K, 99% used [0x00000000dfb00000,0x00000000e05fb330,0x00000000e0600000)
  to   space 16896K, 0% used [0x00000000e1b00000,0x00000000e1b00000,0x00000000e2b80000)
 ParOldGen       total 148480K, used 26046K [0x0000000080000000, 0x0000000089100000, 0x00000000d5580000)
  object space 148480K, 17% used [0x0000000080000000,0x000000008196f988,0x0000000089100000)
 Metaspace       used 56465K, capacity 58950K, committed 59028K, reserved 1099776K
  class space    used 7686K, capacity 8148K, committed 8192K, reserved 1048576K
Event: 6.081 GC heap after
Heap after GC invocations=12 (full 2):
 PSYoungGen      total 200192K, used 16877K [0x00000000d5580000, 0x00000000e4b80000, 0x0000000100000000)
  eden space 183296K, 0% used [0x00000000d5580000,0x00000000d5580000,0x00000000e0880000)
  from space 16896K, 99% used [0x00000000e1b00000,0x00000000e2b7b580,0x00000000e2b80000)
  to   space 18944K, 0% used [0x00000000e0880000,0x00000000e0880000,0x00000000e1b00000)
 ParOldGen       total 148480K, used 26570K [0x0000000080000000, 0x0000000089100000, 0x00000000d5580000)
  object space 148480K, 17% used [0x0000000080000000,0x00000000819f2960,0x0000000089100000)
 Metaspace       used 56465K, capacity 58950K, committed 59028K, reserved 1099776K
  class space    used 7686K, capacity 8148K, committed 8192K, reserved 1048576K
}
Event: 6.081 GC heap before
{Heap before GC invocations=13 (full 3):
 PSYoungGen      total 200192K, used 16877K [0x00000000d5580000, 0x00000000e4b80000, 0x0000000100000000)
  eden space 183296K, 0% used [0x00000000d5580000,0x00000000d5580000,0x00000000e0880000)
  from space 16896K, 99% used [0x00000000e1b00000,0x00000000e2b7b580,0x00000000e2b80000)
  to   space 18944K, 0% used [0x00000000e0880000,0x00000000e0880000,0x00000000e1b00000)
 ParOldGen       total 148480K, used 26570K [0x0000000080000000, 0x0000000089100000, 0x00000000d5580000)
  object space 148480K, 17% used [0x0000000080000000,0x00000000819f2960,0x0000000089100000)
 Metaspace       used 56465K, capacity 58950K, committed 59028K, reserved 1099776K
  class space    used 7686K, capacity 8148K, committed 8192K, reserved 1048576K
Event: 6.247 GC heap after
Heap after GC invocations=13 (full 3):
 PSYoungGen      total 200192K, used 0K [0x00000000d5580000, 0x00000000e4b80000, 0x0000000100000000)
  eden space 183296K, 0% used [0x00000000d5580000,0x00000000d5580000,0x00000000e0880000)
  from space 16896K, 0% used [0x00000000e1b00000,0x00000000e1b00000,0x00000000e2b80000)
  to   space 18944K, 0% used [0x00000000e0880000,0x00000000e0880000,0x00000000e1b00000)
 ParOldGen       total 224768K, used 32097K [0x0000000080000000, 0x000000008db80000, 0x00000000d5580000)
  object space 224768K, 14% used [0x0000000080000000,0x0000000081f587a0,0x000000008db80000)
 Metaspace       used 56363K, capacity 58602K, committed 59028K, reserved 1099776K
  class space    used 7654K, capacity 8090K, committed 8192K, reserved 1048576K
}
Event: 7.859 GC heap before
{Heap before GC invocations=14 (full 3):
 PSYoungGen      total 200192K, used 183296K [0x00000000d5580000, 0x00000000e4b80000, 0x0000000100000000)
  eden space 183296K, 100% used [0x00000000d5580000,0x00000000e0880000,0x00000000e0880000)
  from space 16896K, 0% used [0x00000000e1b00000,0x00000000e1b00000,0x00000000e2b80000)
  to   space 18944K, 0% used [0x00000000e0880000,0x00000000e0880000,0x00000000e1b00000)
 ParOldGen       total 224768K, used 32097K [0x0000000080000000, 0x000000008db80000, 0x00000000d5580000)
  object space 224768K, 14% used [0x0000000080000000,0x0000000081f587a0,0x000000008db80000)
 Metaspace       used 65960K, capacity 69604K, committed 69720K, reserved 1110016K
  class space    used 9121K, capacity 9779K, committed 9856K, reserved 1048576K
Event: 7.870 GC heap after
Heap after GC invocations=14 (full 3):
 PSYoungGen      total 202240K, used 15946K [0x00000000d5580000, 0x00000000e4e80000, 0x0000000100000000)
  eden space 183296K, 0% used [0x00000000d5580000,0x00000000d5580000,0x00000000e0880000)
  from space 18944K, 84% used [0x00000000e0880000,0x00000000e1812b48,0x00000000e1b00000)
  to   space 19968K, 0% used [0x00000000e3b00000,0x00000000e3b00000,0x00000000e4e80000)
 ParOldGen       total 224768K, used 32105K [0x0000000080000000, 0x000000008db80000, 0x00000000d5580000)
  object space 224768K, 14% used [0x0000000080000000,0x0000000081f5a7a0,0x000000008db80000)
 Metaspace       used 65960K, capacity 69604K, committed 69720K, reserved 1110016K
  class space    used 9121K, capacity 9779K, committed 9856K, reserved 1048576K
}
Event: 8.806 GC heap before
{Heap before GC invocations=15 (full 3):
 PSYoungGen      total 202240K, used 199242K [0x00000000d5580000, 0x00000000e4e80000, 0x0000000100000000)
  eden space 183296K, 100% used [0x00000000d5580000,0x00000000e0880000,0x00000000e0880000)
  from space 18944K, 84% used [0x00000000e0880000,0x00000000e1812b48,0x00000000e1b00000)
  to   space 19968K, 0% used [0x00000000e3b00000,0x00000000e3b00000,0x00000000e4e80000)
 ParOldGen       total 224768K, used 32105K [0x0000000080000000, 0x000000008db80000, 0x00000000d5580000)
  object space 224768K, 14% used [0x0000000080000000,0x0000000081f5a7a0,0x000000008db80000)
 Metaspace       used 73176K, capacity 78600K, committed 78680K, reserved 1116160K
  class space    used 10214K, capacity 11131K, committed 11136K, reserved 1048576K
Event: 8.831 GC heap after
Heap after GC invocations=15 (full 3):
 PSYoungGen      total 225792K, used 19966K [0x00000000d5580000, 0x00000000e6480000, 0x0000000100000000)
  eden space 205824K, 0% used [0x00000000d5580000,0x00000000d5580000,0x00000000e1e80000)
  from space 19968K, 99% used [0x00000000e3b00000,0x00000000e4e7f8c8,0x00000000e4e80000)
  to   space 29184K, 0% used [0x00000000e1e80000,0x00000000e1e80000,0x00000000e3b00000)
 ParOldGen       total 224768K, used 49845K [0x0000000080000000, 0x000000008db80000, 0x00000000d5580000)
  object space 224768K, 22% used [0x0000000080000000,0x00000000830ad7c8,0x000000008db80000)
 Metaspace       used 73176K, capacity 78600K, committed 78680K, reserved 1116160K
  class space    used 10214K, capacity 11131K, committed 11136K, reserved 1048576K
}
Event: 9.611 GC heap before
{Heap before GC invocations=16 (full 3):
 PSYoungGen      total 225792K, used 225790K [0x00000000d5580000, 0x00000000e6480000, 0x0000000100000000)
  eden space 205824K, 100% used [0x00000000d5580000,0x00000000e1e80000,0x00000000e1e80000)
  from space 19968K, 99% used [0x00000000e3b00000,0x00000000e4e7f8c8,0x00000000e4e80000)
  to   space 29184K, 0% used [0x00000000e1e80000,0x00000000e1e80000,0x00000000e3b00000)
 ParOldGen       total 224768K, used 49845K [0x0000000080000000, 0x000000008db80000, 0x00000000d5580000)
  object space 224768K, 22% used [0x0000000080000000,0x00000000830ad7c8,0x000000008db80000)
 Metaspace       used 80021K, capacity 87112K, committed 87384K, reserved 1124352K
  class space    used 11390K, capacity 12619K, committed 12672K, reserved 1048576K
Event: 9.641 GC heap after
Heap after GC invocations=16 (full 3):
 PSYoungGen      total 235008K, used 29157K [0x00000000d5580000, 0x00000000e6480000, 0x0000000100000000)
  eden space 205824K, 0% used [0x00000000d5580000,0x00000000d5580000,0x00000000e1e80000)
  from space 29184K, 99% used [0x00000000e1e80000,0x00000000e3af9618,0x00000000e3b00000)
  to   space 19968K, 0% used [0x00000000e3b00000,0x00000000e3b00000,0x00000000e4e80000)
 ParOldGen       total 224768K, used 61369K [0x0000000080000000, 0x000000008db80000, 0x00000000d5580000)
  object space 224768K, 27% used [0x0000000080000000,0x0000000083bee648,0x000000008db80000)
 Metaspace       used 80021K, capacity 87112K, committed 87384K, reserved 1124352K
  class space    used 11390K, capacity 12619K, committed 12672K, reserved 1048576K
}

