# JRE version: OpenJDK Runtime Environment (8.0_242-b01) (build 1.8.0_242-release-1644-b01)
# Java VM: OpenJDK 64-Bit Server VM (25.242-b01 mixed mode windows-amd64 compressed oops)
Heap:
 PSYoungGen      total 309760K, used 182397K [0x00000000d5580000, 0x00000000e9e80000, 0x0000000100000000)
  eden space 286720K, 55% used [0x00000000d5580000,0x00000000df120d48,0x00000000e6d80000)
  from space 23040K, 99% used [0x00000000e6d80000,0x00000000e83feaa0,0x00000000e8400000)
  to   space 18432K, 0% used [0x00000000e8400000,0x00000000e8400000,0x00000000e9600000)
 ParOldGen       total 229888K, used 47552K [0x0000000080000000, 0x000000008e080000, 0x00000000d5580000)
  object space 229888K, 20% used [0x0000000080000000,0x0000000082e70030,0x000000008e080000)
 Metaspace       used 75997K, capacity 82210K, committed 82392K, reserved 1120256K
  class space    used 10793K, capacity 11918K, committed 12032K, reserved 1048576K
GC Heap History (10 events):
Event: 3.347 GC heap before
{Heap before GC invocations=8 (full 2):
 PSYoungGen      total 219648K, used 7962K [0x00000000d5580000, 0x00000000e4080000, 0x0000000100000000)
  eden space 204288K, 0% used [0x00000000d5580000,0x00000000d5580000,0x00000000e1d00000)
  from space 15360K, 51% used [0x00000000e2b80000,0x00000000e3346a98,0x00000000e3a80000)
  to   space 14848K, 0% used [0x00000000e1d00000,0x00000000e1d00000,0x00000000e2b80000)
 ParOldGen       total 96768K, used 12131K [0x0000000080000000, 0x0000000085e80000, 0x00000000d5580000)
  object space 96768K, 12% used [0x0000000080000000,0x0000000080bd8df0,0x0000000085e80000)
 Metaspace       used 34148K, capacity 35308K, committed 35416K, reserved 1079296K
  class space    used 4664K, capacity 4929K, committed 4992K, reserved 1048576K
Event: 3.386 GC heap after
Heap after GC invocations=8 (full 2):
 PSYoungGen      total 219648K, used 0K [0x00000000d5580000, 0x00000000e4080000, 0x0000000100000000)
  eden space 204288K, 0% used [0x00000000d5580000,0x00000000d5580000,0x00000000e1d00000)
  from space 15360K, 0% used [0x00000000e2b80000,0x00000000e2b80000,0x00000000e3a80000)
  to   space 14848K, 0% used [0x00000000e1d00000,0x00000000e1d00000,0x00000000e2b80000)
 ParOldGen       total 152064K, used 14449K [0x0000000080000000, 0x0000000089480000, 0x00000000d5580000)
  object space 152064K, 9% used [0x0000000080000000,0x0000000080e1c500,0x0000000089480000)
 Metaspace       used 34148K, capacity 35308K, committed 35416K, reserved 1079296K
  class space    used 4664K, capacity 4929K, committed 4992K, reserved 1048576K
}
Event: 4.579 GC heap before
{Heap before GC invocations=9 (full 2):
 PSYoungGen      total 219648K, used 204288K [0x00000000d5580000, 0x00000000e4080000, 0x0000000100000000)
  eden space 204288K, 100% used [0x00000000d5580000,0x00000000e1d00000,0x00000000e1d00000)
  from space 15360K, 0% used [0x00000000e2b80000,0x00000000e2b80000,0x00000000e3a80000)
  to   space 14848K, 0% used [0x00000000e1d00000,0x00000000e1d00000,0x00000000e2b80000)
 ParOldGen       total 152064K, used 14449K [0x0000000080000000, 0x0000000089480000, 0x00000000d5580000)
  object space 152064K, 9% used [0x0000000080000000,0x0000000080e1c500,0x0000000089480000)
 Metaspace       used 45997K, capacity 48028K, committed 48344K, reserved 1091584K
  class space    used 6208K, capacity 6620K, committed 6656K, reserved 1048576K
Event: 4.589 GC heap after
Heap after GC invocations=9 (full 2):
 PSYoungGen      total 219136K, used 14819K [0x00000000d5580000, 0x00000000e9600000, 0x0000000100000000)
  eden space 204288K, 0% used [0x00000000d5580000,0x00000000d5580000,0x00000000e1d00000)
  from space 14848K, 99% used [0x00000000e1d00000,0x00000000e2b78ee0,0x00000000e2b80000)
  to   space 18432K, 0% used [0x00000000e8400000,0x00000000e8400000,0x00000000e9600000)
 ParOldGen       total 152064K, used 17332K [0x0000000080000000, 0x0000000089480000, 0x00000000d5580000)
  object space 152064K, 11% used [0x0000000080000000,0x00000000810ed0a8,0x0000000089480000)
 Metaspace       used 45997K, capacity 48028K, committed 48344K, reserved 1091584K
  class space    used 6208K, capacity 6620K, committed 6656K, reserved 1048576K
}
Event: 5.624 GC heap before
{Heap before GC invocations=10 (full 2):
 PSYoungGen      total 219136K, used 143174K [0x00000000d5580000, 0x00000000e9600000, 0x0000000100000000)
  eden space 204288K, 62% used [0x00000000d5580000,0x00000000dd2d8948,0x00000000e1d00000)
  from space 14848K, 99% used [0x00000000e1d00000,0x00000000e2b78ee0,0x00000000e2b80000)
  to   space 18432K, 0% used [0x00000000e8400000,0x00000000e8400000,0x00000000e9600000)
 ParOldGen       total 152064K, used 17332K [0x0000000080000000, 0x0000000089480000, 0x00000000d5580000)
  object space 152064K, 11% used [0x0000000080000000,0x00000000810ed0a8,0x0000000089480000)
 Metaspace       used 56513K, capacity 59000K, committed 59028K, reserved 1099776K
  class space    used 7699K, capacity 8173K, committed 8192K, reserved 1048576K
Event: 5.642 GC heap after
Heap after GC invocations=10 (full 2):
 PSYoungGen      total 305152K, used 18415K [0x00000000d5580000, 0x00000000e9e80000, 0x0000000100000000)
  eden space 286720K, 0% used [0x00000000d5580000,0x00000000d5580000,0x00000000e6d80000)
  from space 18432K, 99% used [0x00000000e8400000,0x00000000e95fbf70,0x00000000e9600000)
  to   space 23040K, 0% used [0x00000000e6d80000,0x00000000e6d80000,0x00000000e8400000)
 ParOldGen       total 152064K, used 22675K [0x0000000080000000, 0x0000000089480000, 0x00000000d5580000)
  object space 152064K, 14% used [0x0000000080000000,0x0000000081624fb8,0x0000000089480000)
 Metaspace       used 56513K, capacity 59000K, committed 59028K, reserved 1099776K
  class space    used 7699K, capacity 8173K, committed 8192K, reserved 1048576K
}
Event: 5.642 GC heap before
{Heap before GC invocations=11 (full 3):
 PSYoungGen      total 305152K, used 18415K [0x00000000d5580000, 0x00000000e9e80000, 0x0000000100000000)
  eden space 286720K, 0% used [0x00000000d5580000,0x00000000d5580000,0x00000000e6d80000)
  from space 18432K, 99% used [0x00000000e8400000,0x00000000e95fbf70,0x00000000e9600000)
  to   space 23040K, 0% used [0x00000000e6d80000,0x00000000e6d80000,0x00000000e8400000)
 ParOldGen       total 152064K, used 22675K [0x0000000080000000, 0x0000000089480000, 0x00000000d5580000)
  object space 152064K, 14% used [0x0000000080000000,0x0000000081624fb8,0x0000000089480000)
 Metaspace       used 56513K, capacity 59000K, committed 59028K, reserved 1099776K
  class space    used 7699K, capacity 8173K, committed 8192K, reserved 1048576K
Event: 5.787 GC heap after
Heap after GC invocations=11 (full 3):
 PSYoungGen      total 305152K, used 0K [0x00000000d5580000, 0x00000000e9e80000, 0x0000000100000000)
  eden space 286720K, 0% used [0x00000000d5580000,0x00000000d5580000,0x00000000e6d80000)
  from space 18432K, 0% used [0x00000000e8400000,0x00000000e8400000,0x00000000e9600000)
  to   space 23040K, 0% used [0x00000000e6d80000,0x00000000e6d80000,0x00000000e8400000)
 ParOldGen       total 229888K, used 35738K [0x0000000080000000, 0x000000008e080000, 0x00000000d5580000)
  object space 229888K, 15% used [0x0000000080000000,0x00000000822e6a70,0x000000008e080000)
 Metaspace       used 56424K, capacity 58700K, committed 59028K, reserved 1099776K
  class space    used 7672K, capacity 8123K, committed 8192K, reserved 1048576K
}
Event: 7.630 GC heap before
{Heap before GC invocations=12 (full 3):
 PSYoungGen      total 305152K, used 286720K [0x00000000d5580000, 0x00000000e9e80000, 0x0000000100000000)
  eden space 286720K, 100% used [0x00000000d5580000,0x00000000e6d80000,0x00000000e6d80000)
  from space 18432K, 0% used [0x00000000e8400000,0x00000000e8400000,0x00000000e9600000)
  to   space 23040K, 0% used [0x00000000e6d80000,0x00000000e6d80000,0x00000000e8400000)
 ParOldGen       total 229888K, used 35738K [0x0000000080000000, 0x000000008e080000, 0x00000000d5580000)
  object space 229888K, 15% used [0x0000000080000000,0x00000000822e6a70,0x000000008e080000)
 Metaspace       used 69923K, capacity 74240K, committed 74456K, reserved 1114112K
  class space    used 9666K, capacity 10407K, committed 10496K, reserved 1048576K
Event: 7.657 GC heap after
Heap after GC invocations=12 (full 3):
 PSYoungGen      total 309760K, used 23034K [0x00000000d5580000, 0x00000000e9e80000, 0x0000000100000000)
  eden space 286720K, 0% used [0x00000000d5580000,0x00000000d5580000,0x00000000e6d80000)
  from space 23040K, 99% used [0x00000000e6d80000,0x00000000e83feaa0,0x00000000e8400000)
  to   space 18432K, 0% used [0x00000000e8400000,0x00000000e8400000,0x00000000e9600000)
 ParOldGen       total 229888K, used 47552K [0x0000000080000000, 0x000000008e080000, 0x00000000d5580000)
  object space 229888K, 20% used [0x0000000080000000,0x0000000082e70030,0x000000008e080000)
 Metaspace       used 69923K, capacity 74240K, committed 74456K, reserved 1114112K
  class space    used 9666K, capacity 10407K, committed 10496K, reserved 1048576K
}

