# JRE version: OpenJDK Runtime Environment (8.0_242-b01) (build 1.8.0_242-release-1644-b01)
# Java VM: OpenJDK 64-Bit Server VM (25.242-b01 mixed mode windows-amd64 compressed oops)
Heap:
 PSYoungGen      total 319488K, used 144009K [0x00000000d5580000, 0x00000000ede80000, 0x0000000100000000)
  eden space 296448K, 40% used [0x00000000d5580000,0x00000000dcba5b50,0x00000000e7700000)
  from space 23040K, 99% used [0x00000000e7700000,0x00000000e8d7c9d8,0x00000000e8d80000)
  to   space 27136K, 0% used [0x00000000ec400000,0x00000000ec400000,0x00000000ede80000)
 ParOldGen       total 225280K, used 37151K [0x0000000080000000, 0x000000008dc00000, 0x00000000d5580000)
  object space 225280K, 16% used [0x0000000080000000,0x0000000082447d58,0x000000008dc00000)
 Metaspace       used 74281K, capacity 79920K, committed 80216K, reserved 1120256K
  class space    used 10369K, capacity 11311K, committed 11392K, reserved 1048576K
GC Heap History (10 events):
Event: 3.366 GC heap before
{Heap before GC invocations=8 (full 2):
 PSYoungGen      total 222720K, used 7994K [0x00000000d5580000, 0x00000000e4200000, 0x0000000100000000)
  eden space 207360K, 0% used [0x00000000d5580000,0x00000000d5580000,0x00000000e2000000)
  from space 15360K, 52% used [0x00000000e2e80000,0x00000000e364ea98,0x00000000e3d80000)
  to   space 14848K, 0% used [0x00000000e2000000,0x00000000e2000000,0x00000000e2e80000)
 ParOldGen       total 95744K, used 12212K [0x0000000080000000, 0x0000000085d80000, 0x00000000d5580000)
  object space 95744K, 12% used [0x0000000080000000,0x0000000080bed150,0x0000000085d80000)
 Metaspace       used 34152K, capacity 35308K, committed 35416K, reserved 1079296K
  class space    used 4663K, capacity 4929K, committed 4992K, reserved 1048576K
Event: 3.400 GC heap after
Heap after GC invocations=8 (full 2):
 PSYoungGen      total 222720K, used 0K [0x00000000d5580000, 0x00000000e4200000, 0x0000000100000000)
  eden space 207360K, 0% used [0x00000000d5580000,0x00000000d5580000,0x00000000e2000000)
  from space 15360K, 0% used [0x00000000e2e80000,0x00000000e2e80000,0x00000000e3d80000)
  to   space 14848K, 0% used [0x00000000e2000000,0x00000000e2000000,0x00000000e2e80000)
 ParOldGen       total 148480K, used 14460K [0x0000000080000000, 0x0000000089100000, 0x00000000d5580000)
  object space 148480K, 9% used [0x0000000080000000,0x0000000080e1f0b0,0x0000000089100000)
 Metaspace       used 34152K, capacity 35308K, committed 35416K, reserved 1079296K
  class space    used 4663K, capacity 4929K, committed 4992K, reserved 1048576K
}
Event: 4.686 GC heap before
{Heap before GC invocations=9 (full 2):
 PSYoungGen      total 222720K, used 207360K [0x00000000d5580000, 0x00000000e4200000, 0x0000000100000000)
  eden space 207360K, 100% used [0x00000000d5580000,0x00000000e2000000,0x00000000e2000000)
  from space 15360K, 0% used [0x00000000e2e80000,0x00000000e2e80000,0x00000000e3d80000)
  to   space 14848K, 0% used [0x00000000e2000000,0x00000000e2000000,0x00000000e2e80000)
 ParOldGen       total 148480K, used 14460K [0x0000000080000000, 0x0000000089100000, 0x00000000d5580000)
  object space 148480K, 9% used [0x0000000080000000,0x0000000080e1f0b0,0x0000000089100000)
 Metaspace       used 46205K, capacity 48274K, committed 48344K, reserved 1091584K
  class space    used 6237K, capacity 6629K, committed 6656K, reserved 1048576K
Event: 4.697 GC heap after
Heap after GC invocations=9 (full 2):
 PSYoungGen      total 222208K, used 14839K [0x00000000d5580000, 0x00000000e9f80000, 0x0000000100000000)
  eden space 207360K, 0% used [0x00000000d5580000,0x00000000d5580000,0x00000000e2000000)
  from space 14848K, 99% used [0x00000000e2000000,0x00000000e2e7de70,0x00000000e2e80000)
  to   space 18432K, 0% used [0x00000000e8d80000,0x00000000e8d80000,0x00000000e9f80000)
 ParOldGen       total 148480K, used 17454K [0x0000000080000000, 0x0000000089100000, 0x00000000d5580000)
  object space 148480K, 11% used [0x0000000080000000,0x000000008110b9b0,0x0000000089100000)
 Metaspace       used 46205K, capacity 48274K, committed 48344K, reserved 1091584K
  class space    used 6237K, capacity 6629K, committed 6656K, reserved 1048576K
}
Event: 5.724 GC heap before
{Heap before GC invocations=10 (full 2):
 PSYoungGen      total 222208K, used 139275K [0x00000000d5580000, 0x00000000e9f80000, 0x0000000100000000)
  eden space 207360K, 60% used [0x00000000d5580000,0x00000000dcf04df0,0x00000000e2000000)
  from space 14848K, 99% used [0x00000000e2000000,0x00000000e2e7de70,0x00000000e2e80000)
  to   space 18432K, 0% used [0x00000000e8d80000,0x00000000e8d80000,0x00000000e9f80000)
 ParOldGen       total 148480K, used 17454K [0x0000000080000000, 0x0000000089100000, 0x00000000d5580000)
  object space 148480K, 11% used [0x0000000080000000,0x000000008110b9b0,0x0000000089100000)
 Metaspace       used 56487K, capacity 58988K, committed 59028K, reserved 1099776K
  class space    used 7696K, capacity 8181K, committed 8192K, reserved 1048576K
Event: 5.738 GC heap after
Heap after GC invocations=10 (full 2):
 PSYoungGen      total 314880K, used 18409K [0x00000000d5580000, 0x00000000ea680000, 0x0000000100000000)
  eden space 296448K, 0% used [0x00000000d5580000,0x00000000d5580000,0x00000000e7700000)
  from space 18432K, 99% used [0x00000000e8d80000,0x00000000e9f7a4d8,0x00000000e9f80000)
  to   space 23040K, 0% used [0x00000000e7700000,0x00000000e7700000,0x00000000e8d80000)
 ParOldGen       total 148480K, used 22669K [0x0000000080000000, 0x0000000089100000, 0x00000000d5580000)
  object space 148480K, 15% used [0x0000000080000000,0x0000000081623438,0x0000000089100000)
 Metaspace       used 56487K, capacity 58988K, committed 59028K, reserved 1099776K
  class space    used 7696K, capacity 8181K, committed 8192K, reserved 1048576K
}
Event: 5.738 GC heap before
{Heap before GC invocations=11 (full 3):
 PSYoungGen      total 314880K, used 18409K [0x00000000d5580000, 0x00000000ea680000, 0x0000000100000000)
  eden space 296448K, 0% used [0x00000000d5580000,0x00000000d5580000,0x00000000e7700000)
  from space 18432K, 99% used [0x00000000e8d80000,0x00000000e9f7a4d8,0x00000000e9f80000)
  to   space 23040K, 0% used [0x00000000e7700000,0x00000000e7700000,0x00000000e8d80000)
 ParOldGen       total 148480K, used 22669K [0x0000000080000000, 0x0000000089100000, 0x00000000d5580000)
  object space 148480K, 15% used [0x0000000080000000,0x0000000081623438,0x0000000089100000)
 Metaspace       used 56487K, capacity 58988K, committed 59028K, reserved 1099776K
  class space    used 7696K, capacity 8181K, committed 8192K, reserved 1048576K
Event: 5.891 GC heap after
Heap after GC invocations=11 (full 3):
 PSYoungGen      total 314880K, used 0K [0x00000000d5580000, 0x00000000ea680000, 0x0000000100000000)
  eden space 296448K, 0% used [0x00000000d5580000,0x00000000d5580000,0x00000000e7700000)
  from space 18432K, 0% used [0x00000000e8d80000,0x00000000e8d80000,0x00000000e9f80000)
  to   space 23040K, 0% used [0x00000000e7700000,0x00000000e7700000,0x00000000e8d80000)
 ParOldGen       total 225280K, used 35573K [0x0000000080000000, 0x000000008dc00000, 0x00000000d5580000)
  object space 225280K, 15% used [0x0000000080000000,0x00000000822bd4d0,0x000000008dc00000)
 Metaspace       used 56383K, capacity 58634K, committed 59028K, reserved 1099776K
  class space    used 7664K, capacity 8122K, committed 8192K, reserved 1048576K
}
Event: 8.179 GC heap before
{Heap before GC invocations=12 (full 3):
 PSYoungGen      total 314880K, used 296448K [0x00000000d5580000, 0x00000000ea680000, 0x0000000100000000)
  eden space 296448K, 100% used [0x00000000d5580000,0x00000000e7700000,0x00000000e7700000)
  from space 18432K, 0% used [0x00000000e8d80000,0x00000000e8d80000,0x00000000e9f80000)
  to   space 23040K, 0% used [0x00000000e7700000,0x00000000e7700000,0x00000000e8d80000)
 ParOldGen       total 225280K, used 35573K [0x0000000080000000, 0x000000008dc00000, 0x00000000d5580000)
  object space 225280K, 15% used [0x0000000080000000,0x00000000822bd4d0,0x000000008dc00000)
 Metaspace       used 70285K, capacity 74588K, committed 74712K, reserved 1114112K
  class space    used 9720K, capacity 10479K, committed 10496K, reserved 1048576K
Event: 8.196 GC heap after
Heap after GC invocations=12 (full 3):
 PSYoungGen      total 319488K, used 23026K [0x00000000d5580000, 0x00000000ede80000, 0x0000000100000000)
  eden space 296448K, 0% used [0x00000000d5580000,0x00000000d5580000,0x00000000e7700000)
  from space 23040K, 99% used [0x00000000e7700000,0x00000000e8d7c9d8,0x00000000e8d80000)
  to   space 27136K, 0% used [0x00000000ec400000,0x00000000ec400000,0x00000000ede80000)
 ParOldGen       total 225280K, used 37151K [0x0000000080000000, 0x000000008dc00000, 0x00000000d5580000)
  object space 225280K, 16% used [0x0000000080000000,0x0000000082447d58,0x000000008dc00000)
 Metaspace       used 70285K, capacity 74588K, committed 74712K, reserved 1114112K
  class space    used 9720K, capacity 10479K, committed 10496K, reserved 1048576K
}

