# JRE version: OpenJDK Runtime Environment (8.0_242-b01) (build 1.8.0_242-release-1644-b01)
# Java VM: OpenJDK 64-Bit Server VM (25.242-b01 mixed mode windows-amd64 compressed oops)
Heap:
 PSYoungGen      total 306688K, used 278274K [0x00000000d5580000, 0x00000000edb80000, 0x0000000100000000)
  eden space 283136K, 89% used [0x00000000d5580000,0x00000000e4e40a80,0x00000000e6a00000)
  from space 23552K, 99% used [0x00000000e6a00000,0x00000000e80ffe38,0x00000000e8100000)
  to   space 30720K, 0% used [0x00000000ebd80000,0x00000000ebd80000,0x00000000edb80000)
 ParOldGen       total 232960K, used 45476K [0x0000000080000000, 0x000000008e380000, 0x00000000d5580000)
  object space 232960K, 19% used [0x0000000080000000,0x0000000082c69020,0x000000008e380000)
 Metaspace       used 78456K, capacity 84538K, committed 84696K, reserved 1122304K
  class space    used 11075K, capacity 12164K, committed 12288K, reserved 1048576K
GC Heap History (10 events):
Event: 4.563 GC heap before
{Heap before GC invocations=8 (full 2):
 PSYoungGen      total 211968K, used 8005K [0x00000000d5580000, 0x00000000e3c00000, 0x0000000100000000)
  eden space 196608K, 0% used [0x00000000d5580000,0x00000000d5580000,0x00000000e1580000)
  from space 15360K, 52% used [0x00000000e2400000,0x00000000e2bd14a0,0x00000000e3300000)
  to   space 14848K, 0% used [0x00000000e1580000,0x00000000e1580000,0x00000000e2400000)
 ParOldGen       total 101376K, used 12004K [0x0000000080000000, 0x0000000086300000, 0x00000000d5580000)
  object space 101376K, 11% used [0x0000000080000000,0x0000000080bb9060,0x0000000086300000)
 Metaspace       used 34162K, capacity 35308K, committed 35416K, reserved 1079296K
  class space    used 4664K, capacity 4929K, committed 4992K, reserved 1048576K
Event: 4.605 GC heap after
Heap after GC invocations=8 (full 2):
 PSYoungGen      total 211968K, used 0K [0x00000000d5580000, 0x00000000e3c00000, 0x0000000100000000)
  eden space 196608K, 0% used [0x00000000d5580000,0x00000000d5580000,0x00000000e1580000)
  from space 15360K, 0% used [0x00000000e2400000,0x00000000e2400000,0x00000000e3300000)
  to   space 14848K, 0% used [0x00000000e1580000,0x00000000e1580000,0x00000000e2400000)
 ParOldGen       total 155136K, used 14454K [0x0000000080000000, 0x0000000089780000, 0x00000000d5580000)
  object space 155136K, 9% used [0x0000000080000000,0x0000000080e1d9a8,0x0000000089780000)
 Metaspace       used 34162K, capacity 35308K, committed 35416K, reserved 1079296K
  class space    used 4664K, capacity 4929K, committed 4992K, reserved 1048576K
}
Event: 6.520 GC heap before
{Heap before GC invocations=9 (full 2):
 PSYoungGen      total 211968K, used 196608K [0x00000000d5580000, 0x00000000e3c00000, 0x0000000100000000)
  eden space 196608K, 100% used [0x00000000d5580000,0x00000000e1580000,0x00000000e1580000)
  from space 15360K, 0% used [0x00000000e2400000,0x00000000e2400000,0x00000000e3300000)
  to   space 14848K, 0% used [0x00000000e1580000,0x00000000e1580000,0x00000000e2400000)
 ParOldGen       total 155136K, used 14454K [0x0000000080000000, 0x0000000089780000, 0x00000000d5580000)
  object space 155136K, 9% used [0x0000000080000000,0x0000000080e1d9a8,0x0000000089780000)
 Metaspace       used 45916K, capacity 47964K, committed 48088K, reserved 1091584K
  class space    used 6193K, capacity 6592K, committed 6656K, reserved 1048576K
Event: 6.535 GC heap after
Heap after GC invocations=9 (full 2):
 PSYoungGen      total 211456K, used 14843K [0x00000000d5580000, 0x00000000e9300000, 0x0000000100000000)
  eden space 196608K, 0% used [0x00000000d5580000,0x00000000d5580000,0x00000000e1580000)
  from space 14848K, 99% used [0x00000000e1580000,0x00000000e23fed58,0x00000000e2400000)
  to   space 18432K, 0% used [0x00000000e8100000,0x00000000e8100000,0x00000000e9300000)
 ParOldGen       total 155136K, used 17702K [0x0000000080000000, 0x0000000089780000, 0x00000000d5580000)
  object space 155136K, 11% used [0x0000000080000000,0x00000000811499c0,0x0000000089780000)
 Metaspace       used 45916K, capacity 47964K, committed 48088K, reserved 1091584K
  class space    used 6193K, capacity 6592K, committed 6656K, reserved 1048576K
}
Event: 8.213 GC heap before
{Heap before GC invocations=10 (full 2):
 PSYoungGen      total 211456K, used 148087K [0x00000000d5580000, 0x00000000e9300000, 0x0000000100000000)
  eden space 196608K, 67% used [0x00000000d5580000,0x00000000dd79f028,0x00000000e1580000)
  from space 14848K, 99% used [0x00000000e1580000,0x00000000e23fed58,0x00000000e2400000)
  to   space 18432K, 0% used [0x00000000e8100000,0x00000000e8100000,0x00000000e9300000)
 ParOldGen       total 155136K, used 17702K [0x0000000080000000, 0x0000000089780000, 0x00000000d5580000)
  object space 155136K, 11% used [0x0000000080000000,0x00000000811499c0,0x0000000089780000)
 Metaspace       used 56476K, capacity 58960K, committed 59028K, reserved 1099776K
  class space    used 7693K, capacity 8177K, committed 8192K, reserved 1048576K
Event: 8.240 GC heap after
Heap after GC invocations=10 (full 2):
 PSYoungGen      total 301568K, used 18426K [0x00000000d5580000, 0x00000000e9c80000, 0x0000000100000000)
  eden space 283136K, 0% used [0x00000000d5580000,0x00000000d5580000,0x00000000e6a00000)
  from space 18432K, 99% used [0x00000000e8100000,0x00000000e92fe8a8,0x00000000e9300000)
  to   space 23552K, 0% used [0x00000000e6a00000,0x00000000e6a00000,0x00000000e8100000)
 ParOldGen       total 155136K, used 23171K [0x0000000080000000, 0x0000000089780000, 0x00000000d5580000)
  object space 155136K, 14% used [0x0000000080000000,0x00000000816a0ff8,0x0000000089780000)
 Metaspace       used 56476K, capacity 58960K, committed 59028K, reserved 1099776K
  class space    used 7693K, capacity 8177K, committed 8192K, reserved 1048576K
}
Event: 8.240 GC heap before
{Heap before GC invocations=11 (full 3):
 PSYoungGen      total 301568K, used 18426K [0x00000000d5580000, 0x00000000e9c80000, 0x0000000100000000)
  eden space 283136K, 0% used [0x00000000d5580000,0x00000000d5580000,0x00000000e6a00000)
  from space 18432K, 99% used [0x00000000e8100000,0x00000000e92fe8a8,0x00000000e9300000)
  to   space 23552K, 0% used [0x00000000e6a00000,0x00000000e6a00000,0x00000000e8100000)
 ParOldGen       total 155136K, used 23171K [0x0000000080000000, 0x0000000089780000, 0x00000000d5580000)
  object space 155136K, 14% used [0x0000000080000000,0x00000000816a0ff8,0x0000000089780000)
 Metaspace       used 56476K, capacity 58960K, committed 59028K, reserved 1099776K
  class space    used 7693K, capacity 8177K, committed 8192K, reserved 1048576K
Event: 8.451 GC heap after
Heap after GC invocations=11 (full 3):
 PSYoungGen      total 301568K, used 0K [0x00000000d5580000, 0x00000000e9c80000, 0x0000000100000000)
  eden space 283136K, 0% used [0x00000000d5580000,0x00000000d5580000,0x00000000e6a00000)
  from space 18432K, 0% used [0x00000000e8100000,0x00000000e8100000,0x00000000e9300000)
  to   space 23552K, 0% used [0x00000000e6a00000,0x00000000e6a00000,0x00000000e8100000)
 ParOldGen       total 232960K, used 35746K [0x0000000080000000, 0x000000008e380000, 0x00000000d5580000)
  object space 232960K, 15% used [0x0000000080000000,0x00000000822e88a0,0x000000008e380000)
 Metaspace       used 56381K, capacity 58636K, committed 59028K, reserved 1099776K
  class space    used 7664K, capacity 8123K, committed 8192K, reserved 1048576K
}
Event: 11.220 GC heap before
{Heap before GC invocations=12 (full 3):
 PSYoungGen      total 301568K, used 283136K [0x00000000d5580000, 0x00000000e9c80000, 0x0000000100000000)
  eden space 283136K, 100% used [0x00000000d5580000,0x00000000e6a00000,0x00000000e6a00000)
  from space 18432K, 0% used [0x00000000e8100000,0x00000000e8100000,0x00000000e9300000)
  to   space 23552K, 0% used [0x00000000e6a00000,0x00000000e6a00000,0x00000000e8100000)
 ParOldGen       total 232960K, used 35746K [0x0000000080000000, 0x000000008e380000, 0x00000000d5580000)
  object space 232960K, 15% used [0x0000000080000000,0x00000000822e88a0,0x000000008e380000)
 Metaspace       used 69578K, capacity 73642K, committed 73816K, reserved 1112064K
  class space    used 9599K, capacity 10324K, committed 10368K, reserved 1048576K
Event: 11.249 GC heap after
Heap after GC invocations=12 (full 3):
 PSYoungGen      total 306688K, used 23551K [0x00000000d5580000, 0x00000000edb80000, 0x0000000100000000)
  eden space 283136K, 0% used [0x00000000d5580000,0x00000000d5580000,0x00000000e6a00000)
  from space 23552K, 99% used [0x00000000e6a00000,0x00000000e80ffe38,0x00000000e8100000)
  to   space 30720K, 0% used [0x00000000ebd80000,0x00000000ebd80000,0x00000000edb80000)
 ParOldGen       total 232960K, used 45476K [0x0000000080000000, 0x000000008e380000, 0x00000000d5580000)
  object space 232960K, 19% used [0x0000000080000000,0x0000000082c69020,0x000000008e380000)
 Metaspace       used 69578K, capacity 73642K, committed 73816K, reserved 1112064K
  class space    used 9599K, capacity 10324K, committed 10368K, reserved 1048576K
}

